[2020-02-05 01:09:11] local.ERROR: Trying to access array offset on value of type null {"exception":"[object] (ErrorException(code: 0): Trying to access array offset on value of type null at /home/rajko/Desktop/back/vendor/laravel/framework/src/Illuminate/Filesystem/FilesystemManager.php:116)
[stacktrace]
#0 /home/rajko/Desktop/back/vendor/laravel/framework/src/Illuminate/Filesystem/FilesystemManager.php(116): Illuminate\\Foundation\\Bootstrap\\HandleExceptions->handleError()
#1 /home/rajko/Desktop/back/vendor/laravel/framework/src/Illuminate/Filesystem/FilesystemManager.php(101): Illuminate\\Filesystem\\FilesystemManager->resolve()
#2 /home/rajko/Desktop/back/vendor/laravel/framework/src/Illuminate/Filesystem/FilesystemManager.php(78): Illuminate\\Filesystem\\FilesystemManager->get()
#3 /home/rajko/Desktop/back/vendor/laravel/framework/src/Illuminate/Filesystem/FilesystemManager.php(362): Illuminate\\Filesystem\\FilesystemManager->disk()
#4 /home/rajko/Desktop/back/vendor/laravel/framework/src/Illuminate/Support/Facades/Facade.php(239): Illuminate\\Filesystem\\FilesystemManager->__call()
#5 /home/rajko/Desktop/back/app/Http/Controllers/UserController.php(74): Illuminate\\Support\\Facades\\Facade::__callStatic()
#6 [internal function]: App\\Http\\Controllers\\UserController->image()
#7 /home/rajko/Desktop/back/vendor/laravel/framework/src/Illuminate/Routing/Controller.php(54): call_user_func_array()
#8 /home/rajko/Desktop/back/vendor/laravel/framework/src/Illuminate/Routing/ControllerDispatcher.php(45): Illuminate\\Routing\\Controller->callAction()
#9 /home/rajko/Desktop/back/vendor/laravel/framework/src/Illuminate/Routing/Route.php(219): Illuminate\\Routing\\ControllerDispatcher->dispatch()
#10 /home/rajko/Desktop/back/vendor/laravel/framework/src/Illuminate/Routing/Route.php(176): Illuminate\\Routing\\Route->runController()
#11 /home/rajko/Desktop/back/vendor/laravel/framework/src/Illuminate/Routing/Router.php(680): Illuminate\\Routing\\Route->run()
#12 /home/rajko/Desktop/back/vendor/laravel/framework/src/Illuminate/Pipeline/Pipeline.php(130): Illuminate\\Routing\\Router->Illuminate\\Routing\\{closure}()
#13 /home/rajko/Desktop/back/vendor/laravel/framework/src/Illuminate/Routing/Middleware/SubstituteBindings.php(41): Illuminate\\Pipeline\\Pipeline->Illuminate\\Pipeline\\{closure}()
#14 /home/rajko/Desktop/back/vendor/laravel/framework/src/Illuminate/Pipeline/Pipeline.php(171): Illuminate\\Routing\\Middleware\\SubstituteBindings->handle()
#15 /home/rajko/Desktop/back/vendor/laravel/framework/src/Illuminate/Routing/Middleware/ThrottleRequests.php(59): Illuminate\\Pipeline\\Pipeline->Illuminate\\Pipeline\\{closure}()
#16 /home/rajko/Desktop/back/vendor/laravel/framework/src/Illuminate/Pipeline/Pipeline.php(171): Illuminate\\Routing\\Middleware\\ThrottleRequests->handle()
#17 /home/rajko/Desktop/back/vendor/laravel/framework/src/Illuminate/Pipeline/Pipeline.php(105): Illuminate\\Pipeline\\Pipeline->Illuminate\\Pipeline\\{closure}()
#18 /home/rajko/Desktop/back/vendor/laravel/framework/src/Illuminate/Routing/Router.php(682): Illuminate\\Pipeline\\Pipeline->then()
#19 /home/rajko/Desktop/back/vendor/laravel/framework/src/Illuminate/Routing/Router.php(657): Illuminate\\Routing\\Router->runRouteWithinStack()
#20 /home/rajko/Desktop/back/vendor/laravel/framework/src/Illuminate/Routing/Router.php(623): Illuminate\\Routing\\Router->runRoute()
#21 /home/rajko/Desktop/back/vendor/laravel/framework/src/Illuminate/Routing/Router.php(612): Illuminate\\Routing\\Router->dispatchToRoute()
#22 /home/rajko/Desktop/back/vendor/laravel/framework/src/Illuminate/Foundation/Http/Kernel.php(176): Illuminate\\Routing\\Router->dispatch()
#23 /home/rajko/Desktop/back/vendor/laravel/framework/src/Illuminate/Pipeline/Pipeline.php(130): Illuminate\\Foundation\\Http\\Kernel->Illuminate\\Foundation\\Http\\{closure}()
#24 /home/rajko/Desktop/back/vendor/laravel/framework/src/Illuminate/Foundation/Http/Middleware/TransformsRequest.php(21): Illuminate\\Pipeline\\Pipeline->Illuminate\\Pipeline\\{closure}()
#25 /home/rajko/Desktop/back/vendor/laravel/framework/src/Illuminate/Pipeline/Pipeline.php(171): Illuminate\\Foundation\\Http\\Middleware\\TransformsRequest->handle()
#26 /home/rajko/Desktop/back/vendor/laravel/framework/src/Illuminate/Foundation/Http/Middleware/TransformsRequest.php(21): Illuminate\\Pipeline\\Pipeline->Illuminate\\Pipeline\\{closure}()
#27 /home/rajko/Desktop/back/vendor/laravel/framework/src/Illuminate/Pipeline/Pipeline.php(171): Illuminate\\Foundation\\Http\\Middleware\\TransformsRequest->handle()
#28 /home/rajko/Desktop/back/vendor/laravel/framework/src/Illuminate/Foundation/Http/Middleware/ValidatePostSize.php(27): Illuminate\\Pipeline\\Pipeline->Illuminate\\Pipeline\\{closure}()
#29 /home/rajko/Desktop/back/vendor/laravel/framework/src/Illuminate/Pipeline/Pipeline.php(171): Illuminate\\Foundation\\Http\\Middleware\\ValidatePostSize->handle()
#30 /home/rajko/Desktop/back/vendor/laravel/framework/src/Illuminate/Foundation/Http/Middleware/CheckForMaintenanceMode.php(62): Illuminate\\Pipeline\\Pipeline->Illuminate\\Pipeline\\{closure}()
#31 /home/rajko/Desktop/back/vendor/laravel/framework/src/Illuminate/Pipeline/Pipeline.php(171): Illuminate\\Foundation\\Http\\Middleware\\CheckForMaintenanceMode->handle()
#32 /home/rajko/Desktop/back/vendor/fideloper/proxy/src/TrustProxies.php(57): Illuminate\\Pipeline\\Pipeline->Illuminate\\Pipeline\\{closure}()
#33 /home/rajko/Desktop/back/vendor/laravel/framework/src/Illuminate/Pipeline/Pipeline.php(171): Fideloper\\Proxy\\TrustProxies->handle()
#34 /home/rajko/Desktop/back/vendor/laravel/framework/src/Illuminate/Pipeline/Pipeline.php(105): Illuminate\\Pipeline\\Pipeline->Illuminate\\Pipeline\\{closure}()
#35 /home/rajko/Desktop/back/vendor/laravel/framework/src/Illuminate/Foundation/Http/Kernel.php(151): Illuminate\\Pipeline\\Pipeline->then()
#36 /home/rajko/Desktop/back/vendor/laravel/framework/src/Illuminate/Foundation/Http/Kernel.php(116): Illuminate\\Foundation\\Http\\Kernel->sendRequestThroughRouter()
#37 /home/rajko/Desktop/back/public/index.php(55): Illuminate\\Foundation\\Http\\Kernel->handle()
#38 /home/rajko/Desktop/back/server.php(21): require_once('/home/rajko/Des...')
#39 {main}
"} 
[2020-02-05 01:10:13] local.ERROR: Trying to access array offset on value of type null {"exception":"[object] (ErrorException(code: 0): Trying to access array offset on value of type null at /home/rajko/Desktop/back/vendor/laravel/framework/src/Illuminate/Filesystem/FilesystemManager.php:116)
[stacktrace]
#0 /home/rajko/Desktop/back/vendor/laravel/framework/src/Illuminate/Filesystem/FilesystemManager.php(116): Illuminate\\Foundation\\Bootstrap\\HandleExceptions->handleError()
#1 /home/rajko/Desktop/back/vendor/laravel/framework/src/Illuminate/Filesystem/FilesystemManager.php(101): Illuminate\\Filesystem\\FilesystemManager->resolve()
#2 /home/rajko/Desktop/back/vendor/laravel/framework/src/Illuminate/Filesystem/FilesystemManager.php(78): Illuminate\\Filesystem\\FilesystemManager->get()
#3 /home/rajko/Desktop/back/vendor/laravel/framework/src/Illuminate/Filesystem/FilesystemManager.php(362): Illuminate\\Filesystem\\FilesystemManager->disk()
#4 /home/rajko/Desktop/back/vendor/laravel/framework/src/Illuminate/Support/Facades/Facade.php(239): Illuminate\\Filesystem\\FilesystemManager->__call()
#5 /home/rajko/Desktop/back/app/Http/Controllers/UserController.php(74): Illuminate\\Support\\Facades\\Facade::__callStatic()
#6 [internal function]: App\\Http\\Controllers\\UserController->image()
#7 /home/rajko/Desktop/back/vendor/laravel/framework/src/Illuminate/Routing/Controller.php(54): call_user_func_array()
#8 /home/rajko/Desktop/back/vendor/laravel/framework/src/Illuminate/Routing/ControllerDispatcher.php(45): Illuminate\\Routing\\Controller->callAction()
#9 /home/rajko/Desktop/back/vendor/laravel/framework/src/Illuminate/Routing/Route.php(219): Illuminate\\Routing\\ControllerDispatcher->dispatch()
#10 /home/rajko/Desktop/back/vendor/laravel/framework/src/Illuminate/Routing/Route.php(176): Illuminate\\Routing\\Route->runController()
#11 /home/rajko/Desktop/back/vendor/laravel/framework/src/Illuminate/Routing/Router.php(680): Illuminate\\Routing\\Route->run()
#12 /home/rajko/Desktop/back/vendor/laravel/framework/src/Illuminate/Pipeline/Pipeline.php(130): Illuminate\\Routing\\Router->Illuminate\\Routing\\{closure}()
#13 /home/rajko/Desktop/back/vendor/laravel/framework/src/Illuminate/Routing/Middleware/SubstituteBindings.php(41): Illuminate\\Pipeline\\Pipeline->Illuminate\\Pipeline\\{closure}()
#14 /home/rajko/Desktop/back/vendor/laravel/framework/src/Illuminate/Pipeline/Pipeline.php(171): Illuminate\\Routing\\Middleware\\SubstituteBindings->handle()
#15 /home/rajko/Desktop/back/vendor/laravel/framework/src/Illuminate/Routing/Middleware/ThrottleRequests.php(59): Illuminate\\Pipeline\\Pipeline->Illuminate\\Pipeline\\{closure}()
#16 /home/rajko/Desktop/back/vendor/laravel/framework/src/Illuminate/Pipeline/Pipeline.php(171): Illuminate\\Routing\\Middleware\\ThrottleRequests->handle()
#17 /home/rajko/Desktop/back/vendor/laravel/framework/src/Illuminate/Pipeline/Pipeline.php(105): Illuminate\\Pipeline\\Pipeline->Illuminate\\Pipeline\\{closure}()
#18 /home/rajko/Desktop/back/vendor/laravel/framework/src/Illuminate/Routing/Router.php(682): Illuminate\\Pipeline\\Pipeline->then()
#19 /home/rajko/Desktop/back/vendor/laravel/framework/src/Illuminate/Routing/Router.php(657): Illuminate\\Routing\\Router->runRouteWithinStack()
#20 /home/rajko/Desktop/back/vendor/laravel/framework/src/Illuminate/Routing/Router.php(623): Illuminate\\Routing\\Router->runRoute()
#21 /home/rajko/Desktop/back/vendor/laravel/framework/src/Illuminate/Routing/Router.php(612): Illuminate\\Routing\\Router->dispatchToRoute()
#22 /home/rajko/Desktop/back/vendor/laravel/framework/src/Illuminate/Foundation/Http/Kernel.php(176): Illuminate\\Routing\\Router->dispatch()
#23 /home/rajko/Desktop/back/vendor/laravel/framework/src/Illuminate/Pipeline/Pipeline.php(130): Illuminate\\Foundation\\Http\\Kernel->Illuminate\\Foundation\\Http\\{closure}()
#24 /home/rajko/Desktop/back/vendor/laravel/framework/src/Illuminate/Foundation/Http/Middleware/TransformsRequest.php(21): Illuminate\\Pipeline\\Pipeline->Illuminate\\Pipeline\\{closure}()
#25 /home/rajko/Desktop/back/vendor/laravel/framework/src/Illuminate/Pipeline/Pipeline.php(171): Illuminate\\Foundation\\Http\\Middleware\\TransformsRequest->handle()
#26 /home/rajko/Desktop/back/vendor/laravel/framework/src/Illuminate/Foundation/Http/Middleware/TransformsRequest.php(21): Illuminate\\Pipeline\\Pipeline->Illuminate\\Pipeline\\{closure}()
#27 /home/rajko/Desktop/back/vendor/laravel/framework/src/Illuminate/Pipeline/Pipeline.php(171): Illuminate\\Foundation\\Http\\Middleware\\TransformsRequest->handle()
#28 /home/rajko/Desktop/back/vendor/laravel/framework/src/Illuminate/Foundation/Http/Middleware/ValidatePostSize.php(27): Illuminate\\Pipeline\\Pipeline->Illuminate\\Pipeline\\{closure}()
#29 /home/rajko/Desktop/back/vendor/laravel/framework/src/Illuminate/Pipeline/Pipeline.php(171): Illuminate\\Foundation\\Http\\Middleware\\ValidatePostSize->handle()
#30 /home/rajko/Desktop/back/vendor/laravel/framework/src/Illuminate/Foundation/Http/Middleware/CheckForMaintenanceMode.php(62): Illuminate\\Pipeline\\Pipeline->Illuminate\\Pipeline\\{closure}()
#31 /home/rajko/Desktop/back/vendor/laravel/framework/src/Illuminate/Pipeline/Pipeline.php(171): Illuminate\\Foundation\\Http\\Middleware\\CheckForMaintenanceMode->handle()
#32 /home/rajko/Desktop/back/vendor/fideloper/proxy/src/TrustProxies.php(57): Illuminate\\Pipeline\\Pipeline->Illuminate\\Pipeline\\{closure}()
#33 /home/rajko/Desktop/back/vendor/laravel/framework/src/Illuminate/Pipeline/Pipeline.php(171): Fideloper\\Proxy\\TrustProxies->handle()
#34 /home/rajko/Desktop/back/vendor/laravel/framework/src/Illuminate/Pipeline/Pipeline.php(105): Illuminate\\Pipeline\\Pipeline->Illuminate\\Pipeline\\{closure}()
#35 /home/rajko/Desktop/back/vendor/laravel/framework/src/Illuminate/Foundation/Http/Kernel.php(151): Illuminate\\Pipeline\\Pipeline->then()
#36 /home/rajko/Desktop/back/vendor/laravel/framework/src/Illuminate/Foundation/Http/Kernel.php(116): Illuminate\\Foundation\\Http\\Kernel->sendRequestThroughRouter()
#37 /home/rajko/Desktop/back/public/index.php(55): Illuminate\\Foundation\\Http\\Kernel->handle()
#38 /home/rajko/Desktop/back/server.php(21): require_once('/home/rajko/Des...')
#39 {main}
"} 
[2020-02-05 01:23:52] local.ERROR: Trying to access array offset on value of type null {"exception":"[object] (ErrorException(code: 0): Trying to access array offset on value of type null at /home/rajko/Desktop/back/vendor/laravel/framework/src/Illuminate/Filesystem/FilesystemManager.php:116)
[stacktrace]
#0 /home/rajko/Desktop/back/vendor/laravel/framework/src/Illuminate/Filesystem/FilesystemManager.php(116): Illuminate\\Foundation\\Bootstrap\\HandleExceptions->handleError()
#1 /home/rajko/Desktop/back/vendor/laravel/framework/src/Illuminate/Filesystem/FilesystemManager.php(101): Illuminate\\Filesystem\\FilesystemManager->resolve()
#2 /home/rajko/Desktop/back/vendor/laravel/framework/src/Illuminate/Filesystem/FilesystemManager.php(78): Illuminate\\Filesystem\\FilesystemManager->get()
#3 /home/rajko/Desktop/back/vendor/laravel/framework/src/Illuminate/Filesystem/FilesystemManager.php(362): Illuminate\\Filesystem\\FilesystemManager->disk()
#4 /home/rajko/Desktop/back/vendor/laravel/framework/src/Illuminate/Support/Facades/Facade.php(239): Illuminate\\Filesystem\\FilesystemManager->__call()
#5 /home/rajko/Desktop/back/app/Http/Controllers/UserController.php(74): Illuminate\\Support\\Facades\\Facade::__callStatic()
#6 [internal function]: App\\Http\\Controllers\\UserController->image()
#7 /home/rajko/Desktop/back/vendor/laravel/framework/src/Illuminate/Routing/Controller.php(54): call_user_func_array()
#8 /home/rajko/Desktop/back/vendor/laravel/framework/src/Illuminate/Routing/ControllerDispatcher.php(45): Illuminate\\Routing\\Controller->callAction()
#9 /home/rajko/Desktop/back/vendor/laravel/framework/src/Illuminate/Routing/Route.php(219): Illuminate\\Routing\\ControllerDispatcher->dispatch()
#10 /home/rajko/Desktop/back/vendor/laravel/framework/src/Illuminate/Routing/Route.php(176): Illuminate\\Routing\\Route->runController()
#11 /home/rajko/Desktop/back/vendor/laravel/framework/src/Illuminate/Routing/Router.php(680): Illuminate\\Routing\\Route->run()
#12 /home/rajko/Desktop/back/vendor/laravel/framework/src/Illuminate/Pipeline/Pipeline.php(130): Illuminate\\Routing\\Router->Illuminate\\Routing\\{closure}()
#13 /home/rajko/Desktop/back/vendor/laravel/framework/src/Illuminate/Routing/Middleware/SubstituteBindings.php(41): Illuminate\\Pipeline\\Pipeline->Illuminate\\Pipeline\\{closure}()
#14 /home/rajko/Desktop/back/vendor/laravel/framework/src/Illuminate/Pipeline/Pipeline.php(171): Illuminate\\Routing\\Middleware\\SubstituteBindings->handle()
#15 /home/rajko/Desktop/back/vendor/laravel/framework/src/Illuminate/Routing/Middleware/ThrottleRequests.php(59): Illuminate\\Pipeline\\Pipeline->Illuminate\\Pipeline\\{closure}()
#16 /home/rajko/Desktop/back/vendor/laravel/framework/src/Illuminate/Pipeline/Pipeline.php(171): Illuminate\\Routing\\Middleware\\ThrottleRequests->handle()
#17 /home/rajko/Desktop/back/vendor/laravel/framework/src/Illuminate/Pipeline/Pipeline.php(105): Illuminate\\Pipeline\\Pipeline->Illuminate\\Pipeline\\{closure}()
#18 /home/rajko/Desktop/back/vendor/laravel/framework/src/Illuminate/Routing/Router.php(682): Illuminate\\Pipeline\\Pipeline->then()
#19 /home/rajko/Desktop/back/vendor/laravel/framework/src/Illuminate/Routing/Router.php(657): Illuminate\\Routing\\Router->runRouteWithinStack()
#20 /home/rajko/Desktop/back/vendor/laravel/framework/src/Illuminate/Routing/Router.php(623): Illuminate\\Routing\\Router->runRoute()
#21 /home/rajko/Desktop/back/vendor/laravel/framework/src/Illuminate/Routing/Router.php(612): Illuminate\\Routing\\Router->dispatchToRoute()
#22 /home/rajko/Desktop/back/vendor/laravel/framework/src/Illuminate/Foundation/Http/Kernel.php(176): Illuminate\\Routing\\Router->dispatch()
#23 /home/rajko/Desktop/back/vendor/laravel/framework/src/Illuminate/Pipeline/Pipeline.php(130): Illuminate\\Foundation\\Http\\Kernel->Illuminate\\Foundation\\Http\\{closure}()
#24 /home/rajko/Desktop/back/vendor/laravel/framework/src/Illuminate/Foundation/Http/Middleware/TransformsRequest.php(21): Illuminate\\Pipeline\\Pipeline->Illuminate\\Pipeline\\{closure}()
#25 /home/rajko/Desktop/back/vendor/laravel/framework/src/Illuminate/Pipeline/Pipeline.php(171): Illuminate\\Foundation\\Http\\Middleware\\TransformsRequest->handle()
#26 /home/rajko/Desktop/back/vendor/laravel/framework/src/Illuminate/Foundation/Http/Middleware/TransformsRequest.php(21): Illuminate\\Pipeline\\Pipeline->Illuminate\\Pipeline\\{closure}()
#27 /home/rajko/Desktop/back/vendor/laravel/framework/src/Illuminate/Pipeline/Pipeline.php(171): Illuminate\\Foundation\\Http\\Middleware\\TransformsRequest->handle()
#28 /home/rajko/Desktop/back/vendor/laravel/framework/src/Illuminate/Foundation/Http/Middleware/ValidatePostSize.php(27): Illuminate\\Pipeline\\Pipeline->Illuminate\\Pipeline\\{closure}()
#29 /home/rajko/Desktop/back/vendor/laravel/framework/src/Illuminate/Pipeline/Pipeline.php(171): Illuminate\\Foundation\\Http\\Middleware\\ValidatePostSize->handle()
#30 /home/rajko/Desktop/back/vendor/laravel/framework/src/Illuminate/Foundation/Http/Middleware/CheckForMaintenanceMode.php(62): Illuminate\\Pipeline\\Pipeline->Illuminate\\Pipeline\\{closure}()
#31 /home/rajko/Desktop/back/vendor/laravel/framework/src/Illuminate/Pipeline/Pipeline.php(171): Illuminate\\Foundation\\Http\\Middleware\\CheckForMaintenanceMode->handle()
#32 /home/rajko/Desktop/back/vendor/fideloper/proxy/src/TrustProxies.php(57): Illuminate\\Pipeline\\Pipeline->Illuminate\\Pipeline\\{closure}()
#33 /home/rajko/Desktop/back/vendor/laravel/framework/src/Illuminate/Pipeline/Pipeline.php(171): Fideloper\\Proxy\\TrustProxies->handle()
#34 /home/rajko/Desktop/back/vendor/laravel/framework/src/Illuminate/Pipeline/Pipeline.php(105): Illuminate\\Pipeline\\Pipeline->Illuminate\\Pipeline\\{closure}()
#35 /home/rajko/Desktop/back/vendor/laravel/framework/src/Illuminate/Foundation/Http/Kernel.php(151): Illuminate\\Pipeline\\Pipeline->then()
#36 /home/rajko/Desktop/back/vendor/laravel/framework/src/Illuminate/Foundation/Http/Kernel.php(116): Illuminate\\Foundation\\Http\\Kernel->sendRequestThroughRouter()
#37 /home/rajko/Desktop/back/public/index.php(55): Illuminate\\Foundation\\Http\\Kernel->handle()
#38 /home/rajko/Desktop/back/server.php(21): require_once('/home/rajko/Des...')
#39 {main}
"} 
[2020-02-05 02:02:41] local.ERROR: Too few arguments to function App\Http\Controllers\UserController::update(), 1 passed and exactly 2 expected {"userId":4,"exception":"[object] (Symfony\\Component\\Debug\\Exception\\FatalThrowableError(code: 0): Too few arguments to function App\\Http\\Controllers\\UserController::update(), 1 passed and exactly 2 expected at /home/rajko/Desktop/back/app/Http/Controllers/UserController.php:98)
[stacktrace]
#0 [internal function]: App\\Http\\Controllers\\UserController->update()
#1 /home/rajko/Desktop/back/vendor/laravel/framework/src/Illuminate/Routing/Controller.php(54): call_user_func_array()
#2 /home/rajko/Desktop/back/vendor/laravel/framework/src/Illuminate/Routing/ControllerDispatcher.php(45): Illuminate\\Routing\\Controller->callAction()
#3 /home/rajko/Desktop/back/vendor/laravel/framework/src/Illuminate/Routing/Route.php(219): Illuminate\\Routing\\ControllerDispatcher->dispatch()
#4 /home/rajko/Desktop/back/vendor/laravel/framework/src/Illuminate/Routing/Route.php(176): Illuminate\\Routing\\Route->runController()
#5 /home/rajko/Desktop/back/vendor/laravel/framework/src/Illuminate/Routing/Router.php(680): Illuminate\\Routing\\Route->run()
#6 /home/rajko/Desktop/back/vendor/laravel/framework/src/Illuminate/Pipeline/Pipeline.php(130): Illuminate\\Routing\\Router->Illuminate\\Routing\\{closure}()
#7 /home/rajko/Desktop/back/vendor/tymon/jwt-auth/src/Http/Middleware/Authenticate.php(32): Illuminate\\Pipeline\\Pipeline->Illuminate\\Pipeline\\{closure}()
#8 /home/rajko/Desktop/back/vendor/laravel/framework/src/Illuminate/Pipeline/Pipeline.php(171): Tymon\\JWTAuth\\Http\\Middleware\\Authenticate->handle()
#9 /home/rajko/Desktop/back/vendor/laravel/framework/src/Illuminate/Routing/Middleware/SubstituteBindings.php(41): Illuminate\\Pipeline\\Pipeline->Illuminate\\Pipeline\\{closure}()
#10 /home/rajko/Desktop/back/vendor/laravel/framework/src/Illuminate/Pipeline/Pipeline.php(171): Illuminate\\Routing\\Middleware\\SubstituteBindings->handle()
#11 /home/rajko/Desktop/back/vendor/laravel/framework/src/Illuminate/Routing/Middleware/ThrottleRequests.php(59): Illuminate\\Pipeline\\Pipeline->Illuminate\\Pipeline\\{closure}()
#12 /home/rajko/Desktop/back/vendor/laravel/framework/src/Illuminate/Pipeline/Pipeline.php(171): Illuminate\\Routing\\Middleware\\ThrottleRequests->handle()
#13 /home/rajko/Desktop/back/vendor/laravel/framework/src/Illuminate/Pipeline/Pipeline.php(105): Illuminate\\Pipeline\\Pipeline->Illuminate\\Pipeline\\{closure}()
#14 /home/rajko/Desktop/back/vendor/laravel/framework/src/Illuminate/Routing/Router.php(682): Illuminate\\Pipeline\\Pipeline->then()
#15 /home/rajko/Desktop/back/vendor/laravel/framework/src/Illuminate/Routing/Router.php(657): Illuminate\\Routing\\Router->runRouteWithinStack()
#16 /home/rajko/Desktop/back/vendor/laravel/framework/src/Illuminate/Routing/Router.php(623): Illuminate\\Routing\\Router->runRoute()
#17 /home/rajko/Desktop/back/vendor/laravel/framework/src/Illuminate/Routing/Router.php(612): Illuminate\\Routing\\Router->dispatchToRoute()
#18 /home/rajko/Desktop/back/vendor/laravel/framework/src/Illuminate/Foundation/Http/Kernel.php(176): Illuminate\\Routing\\Router->dispatch()
#19 /home/rajko/Desktop/back/vendor/laravel/framework/src/Illuminate/Pipeline/Pipeline.php(130): Illuminate\\Foundation\\Http\\Kernel->Illuminate\\Foundation\\Http\\{closure}()
#20 /home/rajko/Desktop/back/vendor/laravel/framework/src/Illuminate/Foundation/Http/Middleware/TransformsRequest.php(21): Illuminate\\Pipeline\\Pipeline->Illuminate\\Pipeline\\{closure}()
#21 /home/rajko/Desktop/back/vendor/laravel/framework/src/Illuminate/Pipeline/Pipeline.php(171): Illuminate\\Foundation\\Http\\Middleware\\TransformsRequest->handle()
#22 /home/rajko/Desktop/back/vendor/laravel/framework/src/Illuminate/Foundation/Http/Middleware/TransformsRequest.php(21): Illuminate\\Pipeline\\Pipeline->Illuminate\\Pipeline\\{closure}()
#23 /home/rajko/Desktop/back/vendor/laravel/framework/src/Illuminate/Pipeline/Pipeline.php(171): Illuminate\\Foundation\\Http\\Middleware\\TransformsRequest->handle()
#24 /home/rajko/Desktop/back/vendor/laravel/framework/src/Illuminate/Foundation/Http/Middleware/ValidatePostSize.php(27): Illuminate\\Pipeline\\Pipeline->Illuminate\\Pipeline\\{closure}()
#25 /home/rajko/Desktop/back/vendor/laravel/framework/src/Illuminate/Pipeline/Pipeline.php(171): Illuminate\\Foundation\\Http\\Middleware\\ValidatePostSize->handle()
#26 /home/rajko/Desktop/back/vendor/laravel/framework/src/Illuminate/Foundation/Http/Middleware/CheckForMaintenanceMode.php(62): Illuminate\\Pipeline\\Pipeline->Illuminate\\Pipeline\\{closure}()
#27 /home/rajko/Desktop/back/vendor/laravel/framework/src/Illuminate/Pipeline/Pipeline.php(171): Illuminate\\Foundation\\Http\\Middleware\\CheckForMaintenanceMode->handle()
#28 /home/rajko/Desktop/back/vendor/fideloper/proxy/src/TrustProxies.php(57): Illuminate\\Pipeline\\Pipeline->Illuminate\\Pipeline\\{closure}()
#29 /home/rajko/Desktop/back/vendor/laravel/framework/src/Illuminate/Pipeline/Pipeline.php(171): Fideloper\\Proxy\\TrustProxies->handle()
#30 /home/rajko/Desktop/back/vendor/laravel/framework/src/Illuminate/Pipeline/Pipeline.php(105): Illuminate\\Pipeline\\Pipeline->Illuminate\\Pipeline\\{closure}()
#31 /home/rajko/Desktop/back/vendor/laravel/framework/src/Illuminate/Foundation/Http/Kernel.php(151): Illuminate\\Pipeline\\Pipeline->then()
#32 /home/rajko/Desktop/back/vendor/laravel/framework/src/Illuminate/Foundation/Http/Kernel.php(116): Illuminate\\Foundation\\Http\\Kernel->sendRequestThroughRouter()
#33 /home/rajko/Desktop/back/public/index.php(55): Illuminate\\Foundation\\Http\\Kernel->handle()
#34 /home/rajko/Desktop/back/server.php(21): require_once('/home/rajko/Des...')
#35 {main}
"} 
[2020-02-05 02:05:51] local.ERROR: SQLSTATE[42S22]: Column not found: 1054 Unknown column 'url_image' in 'field list' (SQL: insert into `herbs` (`desc`, `srb_name`, `lat_name`, `toxic`, `url_image`, `endangered`, `period_id`, `pickpart_id`, `updated_at`, `created_at`) values (Illum officia non ea fugiat dolor laudantium aut. Non nostrum corrupti voluptatem., Corporis voluptatem ut et est doloribus. Molestiae ab sequi sequi eaque., Nisi nisi deleniti eius velit. Earum ut ipsam tempore omnis. Nisi odit et in., 0, image.jpg, 0, 3, 4, 2020-02-05 02:05:51, 2020-02-05 02:05:51)) {"exception":"[object] (Illuminate\\Database\\QueryException(code: 42S22): SQLSTATE[42S22]: Column not found: 1054 Unknown column 'url_image' in 'field list' (SQL: insert into `herbs` (`desc`, `srb_name`, `lat_name`, `toxic`, `url_image`, `endangered`, `period_id`, `pickpart_id`, `updated_at`, `created_at`) values (Illum officia non ea fugiat dolor laudantium aut. Non nostrum corrupti voluptatem., Corporis voluptatem ut et est doloribus. Molestiae ab sequi sequi eaque., Nisi nisi deleniti eius velit. Earum ut ipsam tempore omnis. Nisi odit et in., 0, image.jpg, 0, 3, 4, 2020-02-05 02:05:51, 2020-02-05 02:05:51)) at /home/rajko/Desktop/back/vendor/laravel/framework/src/Illuminate/Database/Connection.php:665)
[stacktrace]
#0 /home/rajko/Desktop/back/vendor/laravel/framework/src/Illuminate/Database/Connection.php(625): Illuminate\\Database\\Connection->runQueryCallback()
#1 /home/rajko/Desktop/back/vendor/laravel/framework/src/Illuminate/Database/Connection.php(460): Illuminate\\Database\\Connection->run()
#2 /home/rajko/Desktop/back/vendor/laravel/framework/src/Illuminate/Database/Connection.php(412): Illuminate\\Database\\Connection->statement()
#3 /home/rajko/Desktop/back/vendor/laravel/framework/src/Illuminate/Database/Query/Processors/Processor.php(32): Illuminate\\Database\\Connection->insert()
#4 /home/rajko/Desktop/back/vendor/laravel/framework/src/Illuminate/Database/Query/Builder.php(2658): Illuminate\\Database\\Query\\Processors\\Processor->processInsertGetId()
#5 /home/rajko/Desktop/back/vendor/laravel/framework/src/Illuminate/Database/Eloquent/Builder.php(1350): Illuminate\\Database\\Query\\Builder->insertGetId()
#6 /home/rajko/Desktop/back/vendor/laravel/framework/src/Illuminate/Database/Eloquent/Model.php(839): Illuminate\\Database\\Eloquent\\Builder->__call()
#7 /home/rajko/Desktop/back/vendor/laravel/framework/src/Illuminate/Database/Eloquent/Model.php(804): Illuminate\\Database\\Eloquent\\Model->insertAndSetId()
#8 /home/rajko/Desktop/back/vendor/laravel/framework/src/Illuminate/Database/Eloquent/Model.php(667): Illuminate\\Database\\Eloquent\\Model->performInsert()
#9 /home/rajko/Desktop/back/vendor/laravel/framework/src/Illuminate/Database/Eloquent/FactoryBuilder.php(206): Illuminate\\Database\\Eloquent\\Model->save()
#10 /home/rajko/Desktop/back/vendor/laravel/framework/src/Illuminate/Support/Traits/EnumeratesValues.php(176): Illuminate\\Database\\Eloquent\\FactoryBuilder->Illuminate\\Database\\Eloquent\\{closure}()
#11 /home/rajko/Desktop/back/vendor/laravel/framework/src/Illuminate/Database/Eloquent/FactoryBuilder.php(207): Illuminate\\Support\\Collection->each()
#12 /home/rajko/Desktop/back/vendor/laravel/framework/src/Illuminate/Database/Eloquent/FactoryBuilder.php(185): Illuminate\\Database\\Eloquent\\FactoryBuilder->store()
#13 /home/rajko/Desktop/back/database/seeds/HerbsTableSeeder.php(15): Illuminate\\Database\\Eloquent\\FactoryBuilder->create()
#14 [internal function]: HerbsTableSeeder->run()
#15 /home/rajko/Desktop/back/vendor/laravel/framework/src/Illuminate/Container/BoundMethod.php(32): call_user_func_array()
#16 /home/rajko/Desktop/back/vendor/laravel/framework/src/Illuminate/Support/helpers.php(522): Illuminate\\Container\\BoundMethod::Illuminate\\Container\\{closure}()
#17 /home/rajko/Desktop/back/vendor/laravel/framework/src/Illuminate/Container/BoundMethod.php(90): value()
#18 /home/rajko/Desktop/back/vendor/laravel/framework/src/Illuminate/Container/BoundMethod.php(34): Illuminate\\Container\\BoundMethod::callBoundMethod()
#19 /home/rajko/Desktop/back/vendor/laravel/framework/src/Illuminate/Container/Container.php(591): Illuminate\\Container\\BoundMethod::call()
#20 /home/rajko/Desktop/back/vendor/laravel/framework/src/Illuminate/Database/Seeder.php(134): Illuminate\\Container\\Container->call()
#21 /home/rajko/Desktop/back/vendor/laravel/framework/src/Illuminate/Database/Seeder.php(48): Illuminate\\Database\\Seeder->__invoke()
#22 /home/rajko/Desktop/back/database/seeds/DatabaseSeeder.php(15): Illuminate\\Database\\Seeder->call()
#23 [internal function]: DatabaseSeeder->run()
#24 /home/rajko/Desktop/back/vendor/laravel/framework/src/Illuminate/Container/BoundMethod.php(32): call_user_func_array()
#25 /home/rajko/Desktop/back/vendor/laravel/framework/src/Illuminate/Support/helpers.php(522): Illuminate\\Container\\BoundMethod::Illuminate\\Container\\{closure}()
#26 /home/rajko/Desktop/back/vendor/laravel/framework/src/Illuminate/Container/BoundMethod.php(90): value()
#27 /home/rajko/Desktop/back/vendor/laravel/framework/src/Illuminate/Container/BoundMethod.php(34): Illuminate\\Container\\BoundMethod::callBoundMethod()
#28 /home/rajko/Desktop/back/vendor/laravel/framework/src/Illuminate/Container/Container.php(591): Illuminate\\Container\\BoundMethod::call()
#29 /home/rajko/Desktop/back/vendor/laravel/framework/src/Illuminate/Database/Seeder.php(134): Illuminate\\Container\\Container->call()
#30 /home/rajko/Desktop/back/vendor/laravel/framework/src/Illuminate/Database/Console/Seeds/SeedCommand.php(63): Illuminate\\Database\\Seeder->__invoke()
#31 /home/rajko/Desktop/back/vendor/laravel/framework/src/Illuminate/Database/Eloquent/Concerns/GuardsAttributes.php(122): Illuminate\\Database\\Console\\Seeds\\SeedCommand->Illuminate\\Database\\Console\\Seeds\\{closure}()
#32 /home/rajko/Desktop/back/vendor/laravel/framework/src/Illuminate/Database/Console/Seeds/SeedCommand.php(64): Illuminate\\Database\\Eloquent\\Model::unguarded()
#33 [internal function]: Illuminate\\Database\\Console\\Seeds\\SeedCommand->handle()
#34 /home/rajko/Desktop/back/vendor/laravel/framework/src/Illuminate/Container/BoundMethod.php(32): call_user_func_array()
#35 /home/rajko/Desktop/back/vendor/laravel/framework/src/Illuminate/Support/helpers.php(522): Illuminate\\Container\\BoundMethod::Illuminate\\Container\\{closure}()
#36 /home/rajko/Desktop/back/vendor/laravel/framework/src/Illuminate/Container/BoundMethod.php(90): value()
#37 /home/rajko/Desktop/back/vendor/laravel/framework/src/Illuminate/Container/BoundMethod.php(34): Illuminate\\Container\\BoundMethod::callBoundMethod()
#38 /home/rajko/Desktop/back/vendor/laravel/framework/src/Illuminate/Container/Container.php(591): Illuminate\\Container\\BoundMethod::call()
#39 /home/rajko/Desktop/back/vendor/laravel/framework/src/Illuminate/Console/Command.php(202): Illuminate\\Container\\Container->call()
#40 /home/rajko/Desktop/back/vendor/symfony/console/Command/Command.php(255): Illuminate\\Console\\Command->execute()
#41 /home/rajko/Desktop/back/vendor/laravel/framework/src/Illuminate/Console/Command.php(189): Symfony\\Component\\Console\\Command\\Command->run()
#42 /home/rajko/Desktop/back/vendor/symfony/console/Application.php(1012): Illuminate\\Console\\Command->run()
#43 /home/rajko/Desktop/back/vendor/symfony/console/Application.php(272): Symfony\\Component\\Console\\Application->doRunCommand()
#44 /home/rajko/Desktop/back/vendor/symfony/console/Application.php(148): Symfony\\Component\\Console\\Application->doRun()
#45 /home/rajko/Desktop/back/vendor/laravel/framework/src/Illuminate/Console/Application.php(90): Symfony\\Component\\Console\\Application->run()
#46 /home/rajko/Desktop/back/vendor/laravel/framework/src/Illuminate/Foundation/Console/Kernel.php(131): Illuminate\\Console\\Application->run()
#47 /home/rajko/Desktop/back/artisan(37): Illuminate\\Foundation\\Console\\Kernel->handle()
#48 {main}

[previous exception] [object] (Doctrine\\DBAL\\Driver\\PDOException(code: 42S22): SQLSTATE[42S22]: Column not found: 1054 Unknown column 'url_image' in 'field list' at /home/rajko/Desktop/back/vendor/doctrine/dbal/lib/Doctrine/DBAL/Driver/PDOConnection.php:63)
[stacktrace]
#0 /home/rajko/Desktop/back/vendor/laravel/framework/src/Illuminate/Database/Connection.php(453): Doctrine\\DBAL\\Driver\\PDOConnection->prepare()
#1 /home/rajko/Desktop/back/vendor/laravel/framework/src/Illuminate/Database/Connection.php(658): Illuminate\\Database\\Connection->Illuminate\\Database\\{closure}()
#2 /home/rajko/Desktop/back/vendor/laravel/framework/src/Illuminate/Database/Connection.php(625): Illuminate\\Database\\Connection->runQueryCallback()
#3 /home/rajko/Desktop/back/vendor/laravel/framework/src/Illuminate/Database/Connection.php(460): Illuminate\\Database\\Connection->run()
#4 /home/rajko/Desktop/back/vendor/laravel/framework/src/Illuminate/Database/Connection.php(412): Illuminate\\Database\\Connection->statement()
#5 /home/rajko/Desktop/back/vendor/laravel/framework/src/Illuminate/Database/Query/Processors/Processor.php(32): Illuminate\\Database\\Connection->insert()
#6 /home/rajko/Desktop/back/vendor/laravel/framework/src/Illuminate/Database/Query/Builder.php(2658): Illuminate\\Database\\Query\\Processors\\Processor->processInsertGetId()
#7 /home/rajko/Desktop/back/vendor/laravel/framework/src/Illuminate/Database/Eloquent/Builder.php(1350): Illuminate\\Database\\Query\\Builder->insertGetId()
#8 /home/rajko/Desktop/back/vendor/laravel/framework/src/Illuminate/Database/Eloquent/Model.php(839): Illuminate\\Database\\Eloquent\\Builder->__call()
#9 /home/rajko/Desktop/back/vendor/laravel/framework/src/Illuminate/Database/Eloquent/Model.php(804): Illuminate\\Database\\Eloquent\\Model->insertAndSetId()
#10 /home/rajko/Desktop/back/vendor/laravel/framework/src/Illuminate/Database/Eloquent/Model.php(667): Illuminate\\Database\\Eloquent\\Model->performInsert()
#11 /home/rajko/Desktop/back/vendor/laravel/framework/src/Illuminate/Database/Eloquent/FactoryBuilder.php(206): Illuminate\\Database\\Eloquent\\Model->save()
#12 /home/rajko/Desktop/back/vendor/laravel/framework/src/Illuminate/Support/Traits/EnumeratesValues.php(176): Illuminate\\Database\\Eloquent\\FactoryBuilder->Illuminate\\Database\\Eloquent\\{closure}()
#13 /home/rajko/Desktop/back/vendor/laravel/framework/src/Illuminate/Database/Eloquent/FactoryBuilder.php(207): Illuminate\\Support\\Collection->each()
#14 /home/rajko/Desktop/back/vendor/laravel/framework/src/Illuminate/Database/Eloquent/FactoryBuilder.php(185): Illuminate\\Database\\Eloquent\\FactoryBuilder->store()
#15 /home/rajko/Desktop/back/database/seeds/HerbsTableSeeder.php(15): Illuminate\\Database\\Eloquent\\FactoryBuilder->create()
#16 [internal function]: HerbsTableSeeder->run()
#17 /home/rajko/Desktop/back/vendor/laravel/framework/src/Illuminate/Container/BoundMethod.php(32): call_user_func_array()
#18 /home/rajko/Desktop/back/vendor/laravel/framework/src/Illuminate/Support/helpers.php(522): Illuminate\\Container\\BoundMethod::Illuminate\\Container\\{closure}()
#19 /home/rajko/Desktop/back/vendor/laravel/framework/src/Illuminate/Container/BoundMethod.php(90): value()
#20 /home/rajko/Desktop/back/vendor/laravel/framework/src/Illuminate/Container/BoundMethod.php(34): Illuminate\\Container\\BoundMethod::callBoundMethod()
#21 /home/rajko/Desktop/back/vendor/laravel/framework/src/Illuminate/Container/Container.php(591): Illuminate\\Container\\BoundMethod::call()
#22 /home/rajko/Desktop/back/vendor/laravel/framework/src/Illuminate/Database/Seeder.php(134): Illuminate\\Container\\Container->call()
#23 /home/rajko/Desktop/back/vendor/laravel/framework/src/Illuminate/Database/Seeder.php(48): Illuminate\\Database\\Seeder->__invoke()
#24 /home/rajko/Desktop/back/database/seeds/DatabaseSeeder.php(15): Illuminate\\Database\\Seeder->call()
#25 [internal function]: DatabaseSeeder->run()
#26 /home/rajko/Desktop/back/vendor/laravel/framework/src/Illuminate/Container/BoundMethod.php(32): call_user_func_array()
#27 /home/rajko/Desktop/back/vendor/laravel/framework/src/Illuminate/Support/helpers.php(522): Illuminate\\Container\\BoundMethod::Illuminate\\Container\\{closure}()
#28 /home/rajko/Desktop/back/vendor/laravel/framework/src/Illuminate/Container/BoundMethod.php(90): value()
#29 /home/rajko/Desktop/back/vendor/laravel/framework/src/Illuminate/Container/BoundMethod.php(34): Illuminate\\Container\\BoundMethod::callBoundMethod()
#30 /home/rajko/Desktop/back/vendor/laravel/framework/src/Illuminate/Container/Container.php(591): Illuminate\\Container\\BoundMethod::call()
#31 /home/rajko/Desktop/back/vendor/laravel/framework/src/Illuminate/Database/Seeder.php(134): Illuminate\\Container\\Container->call()
#32 /home/rajko/Desktop/back/vendor/laravel/framework/src/Illuminate/Database/Console/Seeds/SeedCommand.php(63): Illuminate\\Database\\Seeder->__invoke()
#33 /home/rajko/Desktop/back/vendor/laravel/framework/src/Illuminate/Database/Eloquent/Concerns/GuardsAttributes.php(122): Illuminate\\Database\\Console\\Seeds\\SeedCommand->Illuminate\\Database\\Console\\Seeds\\{closure}()
#34 /home/rajko/Desktop/back/vendor/laravel/framework/src/Illuminate/Database/Console/Seeds/SeedCommand.php(64): Illuminate\\Database\\Eloquent\\Model::unguarded()
#35 [internal function]: Illuminate\\Database\\Console\\Seeds\\SeedCommand->handle()
#36 /home/rajko/Desktop/back/vendor/laravel/framework/src/Illuminate/Container/BoundMethod.php(32): call_user_func_array()
#37 /home/rajko/Desktop/back/vendor/laravel/framework/src/Illuminate/Support/helpers.php(522): Illuminate\\Container\\BoundMethod::Illuminate\\Container\\{closure}()
#38 /home/rajko/Desktop/back/vendor/laravel/framework/src/Illuminate/Container/BoundMethod.php(90): value()
#39 /home/rajko/Desktop/back/vendor/laravel/framework/src/Illuminate/Container/BoundMethod.php(34): Illuminate\\Container\\BoundMethod::callBoundMethod()
#40 /home/rajko/Desktop/back/vendor/laravel/framework/src/Illuminate/Container/Container.php(591): Illuminate\\Container\\BoundMethod::call()
#41 /home/rajko/Desktop/back/vendor/laravel/framework/src/Illuminate/Console/Command.php(202): Illuminate\\Container\\Container->call()
#42 /home/rajko/Desktop/back/vendor/symfony/console/Command/Command.php(255): Illuminate\\Console\\Command->execute()
#43 /home/rajko/Desktop/back/vendor/laravel/framework/src/Illuminate/Console/Command.php(189): Symfony\\Component\\Console\\Command\\Command->run()
#44 /home/rajko/Desktop/back/vendor/symfony/console/Application.php(1012): Illuminate\\Console\\Command->run()
#45 /home/rajko/Desktop/back/vendor/symfony/console/Application.php(272): Symfony\\Component\\Console\\Application->doRunCommand()
#46 /home/rajko/Desktop/back/vendor/symfony/console/Application.php(148): Symfony\\Component\\Console\\Application->doRun()
#47 /home/rajko/Desktop/back/vendor/laravel/framework/src/Illuminate/Console/Application.php(90): Symfony\\Component\\Console\\Application->run()
#48 /home/rajko/Desktop/back/vendor/laravel/framework/src/Illuminate/Foundation/Console/Kernel.php(131): Illuminate\\Console\\Application->run()
#49 /home/rajko/Desktop/back/artisan(37): Illuminate\\Foundation\\Console\\Kernel->handle()
#50 {main}

[previous exception] [object] (PDOException(code: 42S22): SQLSTATE[42S22]: Column not found: 1054 Unknown column 'url_image' in 'field list' at /home/rajko/Desktop/back/vendor/doctrine/dbal/lib/Doctrine/DBAL/Driver/PDOConnection.php:61)
[stacktrace]
#0 /home/rajko/Desktop/back/vendor/doctrine/dbal/lib/Doctrine/DBAL/Driver/PDOConnection.php(61): PDO->prepare()
#1 /home/rajko/Desktop/back/vendor/laravel/framework/src/Illuminate/Database/Connection.php(453): Doctrine\\DBAL\\Driver\\PDOConnection->prepare()
#2 /home/rajko/Desktop/back/vendor/laravel/framework/src/Illuminate/Database/Connection.php(658): Illuminate\\Database\\Connection->Illuminate\\Database\\{closure}()
#3 /home/rajko/Desktop/back/vendor/laravel/framework/src/Illuminate/Database/Connection.php(625): Illuminate\\Database\\Connection->runQueryCallback()
#4 /home/rajko/Desktop/back/vendor/laravel/framework/src/Illuminate/Database/Connection.php(460): Illuminate\\Database\\Connection->run()
#5 /home/rajko/Desktop/back/vendor/laravel/framework/src/Illuminate/Database/Connection.php(412): Illuminate\\Database\\Connection->statement()
#6 /home/rajko/Desktop/back/vendor/laravel/framework/src/Illuminate/Database/Query/Processors/Processor.php(32): Illuminate\\Database\\Connection->insert()
#7 /home/rajko/Desktop/back/vendor/laravel/framework/src/Illuminate/Database/Query/Builder.php(2658): Illuminate\\Database\\Query\\Processors\\Processor->processInsertGetId()
#8 /home/rajko/Desktop/back/vendor/laravel/framework/src/Illuminate/Database/Eloquent/Builder.php(1350): Illuminate\\Database\\Query\\Builder->insertGetId()
#9 /home/rajko/Desktop/back/vendor/laravel/framework/src/Illuminate/Database/Eloquent/Model.php(839): Illuminate\\Database\\Eloquent\\Builder->__call()
#10 /home/rajko/Desktop/back/vendor/laravel/framework/src/Illuminate/Database/Eloquent/Model.php(804): Illuminate\\Database\\Eloquent\\Model->insertAndSetId()
#11 /home/rajko/Desktop/back/vendor/laravel/framework/src/Illuminate/Database/Eloquent/Model.php(667): Illuminate\\Database\\Eloquent\\Model->performInsert()
#12 /home/rajko/Desktop/back/vendor/laravel/framework/src/Illuminate/Database/Eloquent/FactoryBuilder.php(206): Illuminate\\Database\\Eloquent\\Model->save()
#13 /home/rajko/Desktop/back/vendor/laravel/framework/src/Illuminate/Support/Traits/EnumeratesValues.php(176): Illuminate\\Database\\Eloquent\\FactoryBuilder->Illuminate\\Database\\Eloquent\\{closure}()
#14 /home/rajko/Desktop/back/vendor/laravel/framework/src/Illuminate/Database/Eloquent/FactoryBuilder.php(207): Illuminate\\Support\\Collection->each()
#15 /home/rajko/Desktop/back/vendor/laravel/framework/src/Illuminate/Database/Eloquent/FactoryBuilder.php(185): Illuminate\\Database\\Eloquent\\FactoryBuilder->store()
#16 /home/rajko/Desktop/back/database/seeds/HerbsTableSeeder.php(15): Illuminate\\Database\\Eloquent\\FactoryBuilder->create()
#17 [internal function]: HerbsTableSeeder->run()
#18 /home/rajko/Desktop/back/vendor/laravel/framework/src/Illuminate/Container/BoundMethod.php(32): call_user_func_array()
#19 /home/rajko/Desktop/back/vendor/laravel/framework/src/Illuminate/Support/helpers.php(522): Illuminate\\Container\\BoundMethod::Illuminate\\Container\\{closure}()
#20 /home/rajko/Desktop/back/vendor/laravel/framework/src/Illuminate/Container/BoundMethod.php(90): value()
#21 /home/rajko/Desktop/back/vendor/laravel/framework/src/Illuminate/Container/BoundMethod.php(34): Illuminate\\Container\\BoundMethod::callBoundMethod()
#22 /home/rajko/Desktop/back/vendor/laravel/framework/src/Illuminate/Container/Container.php(591): Illuminate\\Container\\BoundMethod::call()
#23 /home/rajko/Desktop/back/vendor/laravel/framework/src/Illuminate/Database/Seeder.php(134): Illuminate\\Container\\Container->call()
#24 /home/rajko/Desktop/back/vendor/laravel/framework/src/Illuminate/Database/Seeder.php(48): Illuminate\\Database\\Seeder->__invoke()
#25 /home/rajko/Desktop/back/database/seeds/DatabaseSeeder.php(15): Illuminate\\Database\\Seeder->call()
#26 [internal function]: DatabaseSeeder->run()
#27 /home/rajko/Desktop/back/vendor/laravel/framework/src/Illuminate/Container/BoundMethod.php(32): call_user_func_array()
#28 /home/rajko/Desktop/back/vendor/laravel/framework/src/Illuminate/Support/helpers.php(522): Illuminate\\Container\\BoundMethod::Illuminate\\Container\\{closure}()
#29 /home/rajko/Desktop/back/vendor/laravel/framework/src/Illuminate/Container/BoundMethod.php(90): value()
#30 /home/rajko/Desktop/back/vendor/laravel/framework/src/Illuminate/Container/BoundMethod.php(34): Illuminate\\Container\\BoundMethod::callBoundMethod()
#31 /home/rajko/Desktop/back/vendor/laravel/framework/src/Illuminate/Container/Container.php(591): Illuminate\\Container\\BoundMethod::call()
#32 /home/rajko/Desktop/back/vendor/laravel/framework/src/Illuminate/Database/Seeder.php(134): Illuminate\\Container\\Container->call()
#33 /home/rajko/Desktop/back/vendor/laravel/framework/src/Illuminate/Database/Console/Seeds/SeedCommand.php(63): Illuminate\\Database\\Seeder->__invoke()
#34 /home/rajko/Desktop/back/vendor/laravel/framework/src/Illuminate/Database/Eloquent/Concerns/GuardsAttributes.php(122): Illuminate\\Database\\Console\\Seeds\\SeedCommand->Illuminate\\Database\\Console\\Seeds\\{closure}()
#35 /home/rajko/Desktop/back/vendor/laravel/framework/src/Illuminate/Database/Console/Seeds/SeedCommand.php(64): Illuminate\\Database\\Eloquent\\Model::unguarded()
#36 [internal function]: Illuminate\\Database\\Console\\Seeds\\SeedCommand->handle()
#37 /home/rajko/Desktop/back/vendor/laravel/framework/src/Illuminate/Container/BoundMethod.php(32): call_user_func_array()
#38 /home/rajko/Desktop/back/vendor/laravel/framework/src/Illuminate/Support/helpers.php(522): Illuminate\\Container\\BoundMethod::Illuminate\\Container\\{closure}()
#39 /home/rajko/Desktop/back/vendor/laravel/framework/src/Illuminate/Container/BoundMethod.php(90): value()
#40 /home/rajko/Desktop/back/vendor/laravel/framework/src/Illuminate/Container/BoundMethod.php(34): Illuminate\\Container\\BoundMethod::callBoundMethod()
#41 /home/rajko/Desktop/back/vendor/laravel/framework/src/Illuminate/Container/Container.php(591): Illuminate\\Container\\BoundMethod::call()
#42 /home/rajko/Desktop/back/vendor/laravel/framework/src/Illuminate/Console/Command.php(202): Illuminate\\Container\\Container->call()
#43 /home/rajko/Desktop/back/vendor/symfony/console/Command/Command.php(255): Illuminate\\Console\\Command->execute()
#44 /home/rajko/Desktop/back/vendor/laravel/framework/src/Illuminate/Console/Command.php(189): Symfony\\Component\\Console\\Command\\Command->run()
#45 /home/rajko/Desktop/back/vendor/symfony/console/Application.php(1012): Illuminate\\Console\\Command->run()
#46 /home/rajko/Desktop/back/vendor/symfony/console/Application.php(272): Symfony\\Component\\Console\\Application->doRunCommand()
#47 /home/rajko/Desktop/back/vendor/symfony/console/Application.php(148): Symfony\\Component\\Console\\Application->doRun()
#48 /home/rajko/Desktop/back/vendor/laravel/framework/src/Illuminate/Console/Application.php(90): Symfony\\Component\\Console\\Application->run()
#49 /home/rajko/Desktop/back/vendor/laravel/framework/src/Illuminate/Foundation/Console/Kernel.php(131): Illuminate\\Console\\Application->run()
#50 /home/rajko/Desktop/back/artisan(37): Illuminate\\Foundation\\Console\\Kernel->handle()
#51 {main}
"} 
[2020-02-05 02:07:27] local.ERROR: SQLSTATE[23000]: Integrity constraint violation: 1062 Duplicate entry 'list' for key 'pickparts_name_unique' (SQL: insert into `pickparts` (`name`, `updated_at`, `created_at`) values (list, 2020-02-05 02:07:27, 2020-02-05 02:07:27)) {"exception":"[object] (Illuminate\\Database\\QueryException(code: 23000): SQLSTATE[23000]: Integrity constraint violation: 1062 Duplicate entry 'list' for key 'pickparts_name_unique' (SQL: insert into `pickparts` (`name`, `updated_at`, `created_at`) values (list, 2020-02-05 02:07:27, 2020-02-05 02:07:27)) at /home/rajko/Desktop/back/vendor/laravel/framework/src/Illuminate/Database/Connection.php:665)
[stacktrace]
#0 /home/rajko/Desktop/back/vendor/laravel/framework/src/Illuminate/Database/Connection.php(625): Illuminate\\Database\\Connection->runQueryCallback()
#1 /home/rajko/Desktop/back/vendor/laravel/framework/src/Illuminate/Database/Connection.php(460): Illuminate\\Database\\Connection->run()
#2 /home/rajko/Desktop/back/vendor/laravel/framework/src/Illuminate/Database/Connection.php(412): Illuminate\\Database\\Connection->statement()
#3 /home/rajko/Desktop/back/vendor/laravel/framework/src/Illuminate/Database/Query/Processors/Processor.php(32): Illuminate\\Database\\Connection->insert()
#4 /home/rajko/Desktop/back/vendor/laravel/framework/src/Illuminate/Database/Query/Builder.php(2658): Illuminate\\Database\\Query\\Processors\\Processor->processInsertGetId()
#5 /home/rajko/Desktop/back/vendor/laravel/framework/src/Illuminate/Database/Eloquent/Builder.php(1350): Illuminate\\Database\\Query\\Builder->insertGetId()
#6 /home/rajko/Desktop/back/vendor/laravel/framework/src/Illuminate/Database/Eloquent/Model.php(839): Illuminate\\Database\\Eloquent\\Builder->__call()
#7 /home/rajko/Desktop/back/vendor/laravel/framework/src/Illuminate/Database/Eloquent/Model.php(804): Illuminate\\Database\\Eloquent\\Model->insertAndSetId()
#8 /home/rajko/Desktop/back/vendor/laravel/framework/src/Illuminate/Database/Eloquent/Model.php(667): Illuminate\\Database\\Eloquent\\Model->performInsert()
#9 /home/rajko/Desktop/back/vendor/laravel/framework/src/Illuminate/Database/Eloquent/Builder.php(749): Illuminate\\Database\\Eloquent\\Model->save()
#10 /home/rajko/Desktop/back/vendor/laravel/framework/src/Illuminate/Support/helpers.php(424): Illuminate\\Database\\Eloquent\\Builder->Illuminate\\Database\\Eloquent\\{closure}()
#11 /home/rajko/Desktop/back/vendor/laravel/framework/src/Illuminate/Database/Eloquent/Builder.php(750): tap()
#12 /home/rajko/Desktop/back/vendor/laravel/framework/src/Illuminate/Support/Traits/ForwardsCalls.php(23): Illuminate\\Database\\Eloquent\\Builder->create()
#13 /home/rajko/Desktop/back/vendor/laravel/framework/src/Illuminate/Database/Eloquent/Model.php(1618): Illuminate\\Database\\Eloquent\\Model->forwardCallTo()
#14 /home/rajko/Desktop/back/vendor/laravel/framework/src/Illuminate/Database/Eloquent/Model.php(1630): Illuminate\\Database\\Eloquent\\Model->__call()
#15 /home/rajko/Desktop/back/database/seeds/PickPartTableSeeder.php(17): Illuminate\\Database\\Eloquent\\Model::__callStatic()
#16 [internal function]: PickPartTableSeeder->run()
#17 /home/rajko/Desktop/back/vendor/laravel/framework/src/Illuminate/Container/BoundMethod.php(32): call_user_func_array()
#18 /home/rajko/Desktop/back/vendor/laravel/framework/src/Illuminate/Support/helpers.php(522): Illuminate\\Container\\BoundMethod::Illuminate\\Container\\{closure}()
#19 /home/rajko/Desktop/back/vendor/laravel/framework/src/Illuminate/Container/BoundMethod.php(90): value()
#20 /home/rajko/Desktop/back/vendor/laravel/framework/src/Illuminate/Container/BoundMethod.php(34): Illuminate\\Container\\BoundMethod::callBoundMethod()
#21 /home/rajko/Desktop/back/vendor/laravel/framework/src/Illuminate/Container/Container.php(591): Illuminate\\Container\\BoundMethod::call()
#22 /home/rajko/Desktop/back/vendor/laravel/framework/src/Illuminate/Database/Seeder.php(134): Illuminate\\Container\\Container->call()
#23 /home/rajko/Desktop/back/vendor/laravel/framework/src/Illuminate/Database/Seeder.php(48): Illuminate\\Database\\Seeder->__invoke()
#24 /home/rajko/Desktop/back/database/seeds/DatabaseSeeder.php(15): Illuminate\\Database\\Seeder->call()
#25 [internal function]: DatabaseSeeder->run()
#26 /home/rajko/Desktop/back/vendor/laravel/framework/src/Illuminate/Container/BoundMethod.php(32): call_user_func_array()
#27 /home/rajko/Desktop/back/vendor/laravel/framework/src/Illuminate/Support/helpers.php(522): Illuminate\\Container\\BoundMethod::Illuminate\\Container\\{closure}()
#28 /home/rajko/Desktop/back/vendor/laravel/framework/src/Illuminate/Container/BoundMethod.php(90): value()
#29 /home/rajko/Desktop/back/vendor/laravel/framework/src/Illuminate/Container/BoundMethod.php(34): Illuminate\\Container\\BoundMethod::callBoundMethod()
#30 /home/rajko/Desktop/back/vendor/laravel/framework/src/Illuminate/Container/Container.php(591): Illuminate\\Container\\BoundMethod::call()
#31 /home/rajko/Desktop/back/vendor/laravel/framework/src/Illuminate/Database/Seeder.php(134): Illuminate\\Container\\Container->call()
#32 /home/rajko/Desktop/back/vendor/laravel/framework/src/Illuminate/Database/Console/Seeds/SeedCommand.php(63): Illuminate\\Database\\Seeder->__invoke()
#33 /home/rajko/Desktop/back/vendor/laravel/framework/src/Illuminate/Database/Eloquent/Concerns/GuardsAttributes.php(122): Illuminate\\Database\\Console\\Seeds\\SeedCommand->Illuminate\\Database\\Console\\Seeds\\{closure}()
#34 /home/rajko/Desktop/back/vendor/laravel/framework/src/Illuminate/Database/Console/Seeds/SeedCommand.php(64): Illuminate\\Database\\Eloquent\\Model::unguarded()
#35 [internal function]: Illuminate\\Database\\Console\\Seeds\\SeedCommand->handle()
#36 /home/rajko/Desktop/back/vendor/laravel/framework/src/Illuminate/Container/BoundMethod.php(32): call_user_func_array()
#37 /home/rajko/Desktop/back/vendor/laravel/framework/src/Illuminate/Support/helpers.php(522): Illuminate\\Container\\BoundMethod::Illuminate\\Container\\{closure}()
#38 /home/rajko/Desktop/back/vendor/laravel/framework/src/Illuminate/Container/BoundMethod.php(90): value()
#39 /home/rajko/Desktop/back/vendor/laravel/framework/src/Illuminate/Container/BoundMethod.php(34): Illuminate\\Container\\BoundMethod::callBoundMethod()
#40 /home/rajko/Desktop/back/vendor/laravel/framework/src/Illuminate/Container/Container.php(591): Illuminate\\Container\\BoundMethod::call()
#41 /home/rajko/Desktop/back/vendor/laravel/framework/src/Illuminate/Console/Command.php(202): Illuminate\\Container\\Container->call()
#42 /home/rajko/Desktop/back/vendor/symfony/console/Command/Command.php(255): Illuminate\\Console\\Command->execute()
#43 /home/rajko/Desktop/back/vendor/laravel/framework/src/Illuminate/Console/Command.php(189): Symfony\\Component\\Console\\Command\\Command->run()
#44 /home/rajko/Desktop/back/vendor/symfony/console/Application.php(1012): Illuminate\\Console\\Command->run()
#45 /home/rajko/Desktop/back/vendor/symfony/console/Application.php(272): Symfony\\Component\\Console\\Application->doRunCommand()
#46 /home/rajko/Desktop/back/vendor/symfony/console/Application.php(148): Symfony\\Component\\Console\\Application->doRun()
#47 /home/rajko/Desktop/back/vendor/laravel/framework/src/Illuminate/Console/Application.php(90): Symfony\\Component\\Console\\Application->run()
#48 /home/rajko/Desktop/back/vendor/laravel/framework/src/Illuminate/Foundation/Console/Kernel.php(131): Illuminate\\Console\\Application->run()
#49 /home/rajko/Desktop/back/artisan(37): Illuminate\\Foundation\\Console\\Kernel->handle()
#50 {main}

[previous exception] [object] (Doctrine\\DBAL\\Driver\\PDOException(code: 23000): SQLSTATE[23000]: Integrity constraint violation: 1062 Duplicate entry 'list' for key 'pickparts_name_unique' at /home/rajko/Desktop/back/vendor/doctrine/dbal/lib/Doctrine/DBAL/Driver/PDOStatement.php:123)
[stacktrace]
#0 /home/rajko/Desktop/back/vendor/laravel/framework/src/Illuminate/Database/Connection.php(459): Doctrine\\DBAL\\Driver\\PDOStatement->execute()
#1 /home/rajko/Desktop/back/vendor/laravel/framework/src/Illuminate/Database/Connection.php(658): Illuminate\\Database\\Connection->Illuminate\\Database\\{closure}()
#2 /home/rajko/Desktop/back/vendor/laravel/framework/src/Illuminate/Database/Connection.php(625): Illuminate\\Database\\Connection->runQueryCallback()
#3 /home/rajko/Desktop/back/vendor/laravel/framework/src/Illuminate/Database/Connection.php(460): Illuminate\\Database\\Connection->run()
#4 /home/rajko/Desktop/back/vendor/laravel/framework/src/Illuminate/Database/Connection.php(412): Illuminate\\Database\\Connection->statement()
#5 /home/rajko/Desktop/back/vendor/laravel/framework/src/Illuminate/Database/Query/Processors/Processor.php(32): Illuminate\\Database\\Connection->insert()
#6 /home/rajko/Desktop/back/vendor/laravel/framework/src/Illuminate/Database/Query/Builder.php(2658): Illuminate\\Database\\Query\\Processors\\Processor->processInsertGetId()
#7 /home/rajko/Desktop/back/vendor/laravel/framework/src/Illuminate/Database/Eloquent/Builder.php(1350): Illuminate\\Database\\Query\\Builder->insertGetId()
#8 /home/rajko/Desktop/back/vendor/laravel/framework/src/Illuminate/Database/Eloquent/Model.php(839): Illuminate\\Database\\Eloquent\\Builder->__call()
#9 /home/rajko/Desktop/back/vendor/laravel/framework/src/Illuminate/Database/Eloquent/Model.php(804): Illuminate\\Database\\Eloquent\\Model->insertAndSetId()
#10 /home/rajko/Desktop/back/vendor/laravel/framework/src/Illuminate/Database/Eloquent/Model.php(667): Illuminate\\Database\\Eloquent\\Model->performInsert()
#11 /home/rajko/Desktop/back/vendor/laravel/framework/src/Illuminate/Database/Eloquent/Builder.php(749): Illuminate\\Database\\Eloquent\\Model->save()
#12 /home/rajko/Desktop/back/vendor/laravel/framework/src/Illuminate/Support/helpers.php(424): Illuminate\\Database\\Eloquent\\Builder->Illuminate\\Database\\Eloquent\\{closure}()
#13 /home/rajko/Desktop/back/vendor/laravel/framework/src/Illuminate/Database/Eloquent/Builder.php(750): tap()
#14 /home/rajko/Desktop/back/vendor/laravel/framework/src/Illuminate/Support/Traits/ForwardsCalls.php(23): Illuminate\\Database\\Eloquent\\Builder->create()
#15 /home/rajko/Desktop/back/vendor/laravel/framework/src/Illuminate/Database/Eloquent/Model.php(1618): Illuminate\\Database\\Eloquent\\Model->forwardCallTo()
#16 /home/rajko/Desktop/back/vendor/laravel/framework/src/Illuminate/Database/Eloquent/Model.php(1630): Illuminate\\Database\\Eloquent\\Model->__call()
#17 /home/rajko/Desktop/back/database/seeds/PickPartTableSeeder.php(17): Illuminate\\Database\\Eloquent\\Model::__callStatic()
#18 [internal function]: PickPartTableSeeder->run()
#19 /home/rajko/Desktop/back/vendor/laravel/framework/src/Illuminate/Container/BoundMethod.php(32): call_user_func_array()
#20 /home/rajko/Desktop/back/vendor/laravel/framework/src/Illuminate/Support/helpers.php(522): Illuminate\\Container\\BoundMethod::Illuminate\\Container\\{closure}()
#21 /home/rajko/Desktop/back/vendor/laravel/framework/src/Illuminate/Container/BoundMethod.php(90): value()
#22 /home/rajko/Desktop/back/vendor/laravel/framework/src/Illuminate/Container/BoundMethod.php(34): Illuminate\\Container\\BoundMethod::callBoundMethod()
#23 /home/rajko/Desktop/back/vendor/laravel/framework/src/Illuminate/Container/Container.php(591): Illuminate\\Container\\BoundMethod::call()
#24 /home/rajko/Desktop/back/vendor/laravel/framework/src/Illuminate/Database/Seeder.php(134): Illuminate\\Container\\Container->call()
#25 /home/rajko/Desktop/back/vendor/laravel/framework/src/Illuminate/Database/Seeder.php(48): Illuminate\\Database\\Seeder->__invoke()
#26 /home/rajko/Desktop/back/database/seeds/DatabaseSeeder.php(15): Illuminate\\Database\\Seeder->call()
#27 [internal function]: DatabaseSeeder->run()
#28 /home/rajko/Desktop/back/vendor/laravel/framework/src/Illuminate/Container/BoundMethod.php(32): call_user_func_array()
#29 /home/rajko/Desktop/back/vendor/laravel/framework/src/Illuminate/Support/helpers.php(522): Illuminate\\Container\\BoundMethod::Illuminate\\Container\\{closure}()
#30 /home/rajko/Desktop/back/vendor/laravel/framework/src/Illuminate/Container/BoundMethod.php(90): value()
#31 /home/rajko/Desktop/back/vendor/laravel/framework/src/Illuminate/Container/BoundMethod.php(34): Illuminate\\Container\\BoundMethod::callBoundMethod()
#32 /home/rajko/Desktop/back/vendor/laravel/framework/src/Illuminate/Container/Container.php(591): Illuminate\\Container\\BoundMethod::call()
#33 /home/rajko/Desktop/back/vendor/laravel/framework/src/Illuminate/Database/Seeder.php(134): Illuminate\\Container\\Container->call()
#34 /home/rajko/Desktop/back/vendor/laravel/framework/src/Illuminate/Database/Console/Seeds/SeedCommand.php(63): Illuminate\\Database\\Seeder->__invoke()
#35 /home/rajko/Desktop/back/vendor/laravel/framework/src/Illuminate/Database/Eloquent/Concerns/GuardsAttributes.php(122): Illuminate\\Database\\Console\\Seeds\\SeedCommand->Illuminate\\Database\\Console\\Seeds\\{closure}()
#36 /home/rajko/Desktop/back/vendor/laravel/framework/src/Illuminate/Database/Console/Seeds/SeedCommand.php(64): Illuminate\\Database\\Eloquent\\Model::unguarded()
#37 [internal function]: Illuminate\\Database\\Console\\Seeds\\SeedCommand->handle()
#38 /home/rajko/Desktop/back/vendor/laravel/framework/src/Illuminate/Container/BoundMethod.php(32): call_user_func_array()
#39 /home/rajko/Desktop/back/vendor/laravel/framework/src/Illuminate/Support/helpers.php(522): Illuminate\\Container\\BoundMethod::Illuminate\\Container\\{closure}()
#40 /home/rajko/Desktop/back/vendor/laravel/framework/src/Illuminate/Container/BoundMethod.php(90): value()
#41 /home/rajko/Desktop/back/vendor/laravel/framework/src/Illuminate/Container/BoundMethod.php(34): Illuminate\\Container\\BoundMethod::callBoundMethod()
#42 /home/rajko/Desktop/back/vendor/laravel/framework/src/Illuminate/Container/Container.php(591): Illuminate\\Container\\BoundMethod::call()
#43 /home/rajko/Desktop/back/vendor/laravel/framework/src/Illuminate/Console/Command.php(202): Illuminate\\Container\\Container->call()
#44 /home/rajko/Desktop/back/vendor/symfony/console/Command/Command.php(255): Illuminate\\Console\\Command->execute()
#45 /home/rajko/Desktop/back/vendor/laravel/framework/src/Illuminate/Console/Command.php(189): Symfony\\Component\\Console\\Command\\Command->run()
#46 /home/rajko/Desktop/back/vendor/symfony/console/Application.php(1012): Illuminate\\Console\\Command->run()
#47 /home/rajko/Desktop/back/vendor/symfony/console/Application.php(272): Symfony\\Component\\Console\\Application->doRunCommand()
#48 /home/rajko/Desktop/back/vendor/symfony/console/Application.php(148): Symfony\\Component\\Console\\Application->doRun()
#49 /home/rajko/Desktop/back/vendor/laravel/framework/src/Illuminate/Console/Application.php(90): Symfony\\Component\\Console\\Application->run()
#50 /home/rajko/Desktop/back/vendor/laravel/framework/src/Illuminate/Foundation/Console/Kernel.php(131): Illuminate\\Console\\Application->run()
#51 /home/rajko/Desktop/back/artisan(37): Illuminate\\Foundation\\Console\\Kernel->handle()
#52 {main}

[previous exception] [object] (PDOException(code: 23000): SQLSTATE[23000]: Integrity constraint violation: 1062 Duplicate entry 'list' for key 'pickparts_name_unique' at /home/rajko/Desktop/back/vendor/doctrine/dbal/lib/Doctrine/DBAL/Driver/PDOStatement.php:121)
[stacktrace]
#0 /home/rajko/Desktop/back/vendor/doctrine/dbal/lib/Doctrine/DBAL/Driver/PDOStatement.php(121): PDOStatement->execute()
#1 /home/rajko/Desktop/back/vendor/laravel/framework/src/Illuminate/Database/Connection.php(459): Doctrine\\DBAL\\Driver\\PDOStatement->execute()
#2 /home/rajko/Desktop/back/vendor/laravel/framework/src/Illuminate/Database/Connection.php(658): Illuminate\\Database\\Connection->Illuminate\\Database\\{closure}()
#3 /home/rajko/Desktop/back/vendor/laravel/framework/src/Illuminate/Database/Connection.php(625): Illuminate\\Database\\Connection->runQueryCallback()
#4 /home/rajko/Desktop/back/vendor/laravel/framework/src/Illuminate/Database/Connection.php(460): Illuminate\\Database\\Connection->run()
#5 /home/rajko/Desktop/back/vendor/laravel/framework/src/Illuminate/Database/Connection.php(412): Illuminate\\Database\\Connection->statement()
#6 /home/rajko/Desktop/back/vendor/laravel/framework/src/Illuminate/Database/Query/Processors/Processor.php(32): Illuminate\\Database\\Connection->insert()
#7 /home/rajko/Desktop/back/vendor/laravel/framework/src/Illuminate/Database/Query/Builder.php(2658): Illuminate\\Database\\Query\\Processors\\Processor->processInsertGetId()
#8 /home/rajko/Desktop/back/vendor/laravel/framework/src/Illuminate/Database/Eloquent/Builder.php(1350): Illuminate\\Database\\Query\\Builder->insertGetId()
#9 /home/rajko/Desktop/back/vendor/laravel/framework/src/Illuminate/Database/Eloquent/Model.php(839): Illuminate\\Database\\Eloquent\\Builder->__call()
#10 /home/rajko/Desktop/back/vendor/laravel/framework/src/Illuminate/Database/Eloquent/Model.php(804): Illuminate\\Database\\Eloquent\\Model->insertAndSetId()
#11 /home/rajko/Desktop/back/vendor/laravel/framework/src/Illuminate/Database/Eloquent/Model.php(667): Illuminate\\Database\\Eloquent\\Model->performInsert()
#12 /home/rajko/Desktop/back/vendor/laravel/framework/src/Illuminate/Database/Eloquent/Builder.php(749): Illuminate\\Database\\Eloquent\\Model->save()
#13 /home/rajko/Desktop/back/vendor/laravel/framework/src/Illuminate/Support/helpers.php(424): Illuminate\\Database\\Eloquent\\Builder->Illuminate\\Database\\Eloquent\\{closure}()
#14 /home/rajko/Desktop/back/vendor/laravel/framework/src/Illuminate/Database/Eloquent/Builder.php(750): tap()
#15 /home/rajko/Desktop/back/vendor/laravel/framework/src/Illuminate/Support/Traits/ForwardsCalls.php(23): Illuminate\\Database\\Eloquent\\Builder->create()
#16 /home/rajko/Desktop/back/vendor/laravel/framework/src/Illuminate/Database/Eloquent/Model.php(1618): Illuminate\\Database\\Eloquent\\Model->forwardCallTo()
#17 /home/rajko/Desktop/back/vendor/laravel/framework/src/Illuminate/Database/Eloquent/Model.php(1630): Illuminate\\Database\\Eloquent\\Model->__call()
#18 /home/rajko/Desktop/back/database/seeds/PickPartTableSeeder.php(17): Illuminate\\Database\\Eloquent\\Model::__callStatic()
#19 [internal function]: PickPartTableSeeder->run()
#20 /home/rajko/Desktop/back/vendor/laravel/framework/src/Illuminate/Container/BoundMethod.php(32): call_user_func_array()
#21 /home/rajko/Desktop/back/vendor/laravel/framework/src/Illuminate/Support/helpers.php(522): Illuminate\\Container\\BoundMethod::Illuminate\\Container\\{closure}()
#22 /home/rajko/Desktop/back/vendor/laravel/framework/src/Illuminate/Container/BoundMethod.php(90): value()
#23 /home/rajko/Desktop/back/vendor/laravel/framework/src/Illuminate/Container/BoundMethod.php(34): Illuminate\\Container\\BoundMethod::callBoundMethod()
#24 /home/rajko/Desktop/back/vendor/laravel/framework/src/Illuminate/Container/Container.php(591): Illuminate\\Container\\BoundMethod::call()
#25 /home/rajko/Desktop/back/vendor/laravel/framework/src/Illuminate/Database/Seeder.php(134): Illuminate\\Container\\Container->call()
#26 /home/rajko/Desktop/back/vendor/laravel/framework/src/Illuminate/Database/Seeder.php(48): Illuminate\\Database\\Seeder->__invoke()
#27 /home/rajko/Desktop/back/database/seeds/DatabaseSeeder.php(15): Illuminate\\Database\\Seeder->call()
#28 [internal function]: DatabaseSeeder->run()
#29 /home/rajko/Desktop/back/vendor/laravel/framework/src/Illuminate/Container/BoundMethod.php(32): call_user_func_array()
#30 /home/rajko/Desktop/back/vendor/laravel/framework/src/Illuminate/Support/helpers.php(522): Illuminate\\Container\\BoundMethod::Illuminate\\Container\\{closure}()
#31 /home/rajko/Desktop/back/vendor/laravel/framework/src/Illuminate/Container/BoundMethod.php(90): value()
#32 /home/rajko/Desktop/back/vendor/laravel/framework/src/Illuminate/Container/BoundMethod.php(34): Illuminate\\Container\\BoundMethod::callBoundMethod()
#33 /home/rajko/Desktop/back/vendor/laravel/framework/src/Illuminate/Container/Container.php(591): Illuminate\\Container\\BoundMethod::call()
#34 /home/rajko/Desktop/back/vendor/laravel/framework/src/Illuminate/Database/Seeder.php(134): Illuminate\\Container\\Container->call()
#35 /home/rajko/Desktop/back/vendor/laravel/framework/src/Illuminate/Database/Console/Seeds/SeedCommand.php(63): Illuminate\\Database\\Seeder->__invoke()
#36 /home/rajko/Desktop/back/vendor/laravel/framework/src/Illuminate/Database/Eloquent/Concerns/GuardsAttributes.php(122): Illuminate\\Database\\Console\\Seeds\\SeedCommand->Illuminate\\Database\\Console\\Seeds\\{closure}()
#37 /home/rajko/Desktop/back/vendor/laravel/framework/src/Illuminate/Database/Console/Seeds/SeedCommand.php(64): Illuminate\\Database\\Eloquent\\Model::unguarded()
#38 [internal function]: Illuminate\\Database\\Console\\Seeds\\SeedCommand->handle()
#39 /home/rajko/Desktop/back/vendor/laravel/framework/src/Illuminate/Container/BoundMethod.php(32): call_user_func_array()
#40 /home/rajko/Desktop/back/vendor/laravel/framework/src/Illuminate/Support/helpers.php(522): Illuminate\\Container\\BoundMethod::Illuminate\\Container\\{closure}()
#41 /home/rajko/Desktop/back/vendor/laravel/framework/src/Illuminate/Container/BoundMethod.php(90): value()
#42 /home/rajko/Desktop/back/vendor/laravel/framework/src/Illuminate/Container/BoundMethod.php(34): Illuminate\\Container\\BoundMethod::callBoundMethod()
#43 /home/rajko/Desktop/back/vendor/laravel/framework/src/Illuminate/Container/Container.php(591): Illuminate\\Container\\BoundMethod::call()
#44 /home/rajko/Desktop/back/vendor/laravel/framework/src/Illuminate/Console/Command.php(202): Illuminate\\Container\\Container->call()
#45 /home/rajko/Desktop/back/vendor/symfony/console/Command/Command.php(255): Illuminate\\Console\\Command->execute()
#46 /home/rajko/Desktop/back/vendor/laravel/framework/src/Illuminate/Console/Command.php(189): Symfony\\Component\\Console\\Command\\Command->run()
#47 /home/rajko/Desktop/back/vendor/symfony/console/Application.php(1012): Illuminate\\Console\\Command->run()
#48 /home/rajko/Desktop/back/vendor/symfony/console/Application.php(272): Symfony\\Component\\Console\\Application->doRunCommand()
#49 /home/rajko/Desktop/back/vendor/symfony/console/Application.php(148): Symfony\\Component\\Console\\Application->doRun()
#50 /home/rajko/Desktop/back/vendor/laravel/framework/src/Illuminate/Console/Application.php(90): Symfony\\Component\\Console\\Application->run()
#51 /home/rajko/Desktop/back/vendor/laravel/framework/src/Illuminate/Foundation/Console/Kernel.php(131): Illuminate\\Console\\Application->run()
#52 /home/rajko/Desktop/back/artisan(37): Illuminate\\Foundation\\Console\\Kernel->handle()
#53 {main}
"} 
[2020-02-05 02:16:40] local.ERROR: Argument 3 passed to App\Services\UserService::destroyComment() must be of the type int, null given, called in /home/rajko/Desktop/back/app/Http/Controllers/UserController.php on line 268 {"userId":4,"exception":"[object] (Symfony\\Component\\Debug\\Exception\\FatalThrowableError(code: 0): Argument 3 passed to App\\Services\\UserService::destroyComment() must be of the type int, null given, called in /home/rajko/Desktop/back/app/Http/Controllers/UserController.php on line 268 at /home/rajko/Desktop/back/app/Services/UserService.php:125)
[stacktrace]
#0 /home/rajko/Desktop/back/app/Http/Controllers/UserController.php(268): App\\Services\\UserService->destroyComment()
#1 [internal function]: App\\Http\\Controllers\\UserController->commentDestroy()
#2 /home/rajko/Desktop/back/vendor/laravel/framework/src/Illuminate/Routing/Controller.php(54): call_user_func_array()
#3 /home/rajko/Desktop/back/vendor/laravel/framework/src/Illuminate/Routing/ControllerDispatcher.php(45): Illuminate\\Routing\\Controller->callAction()
#4 /home/rajko/Desktop/back/vendor/laravel/framework/src/Illuminate/Routing/Route.php(219): Illuminate\\Routing\\ControllerDispatcher->dispatch()
#5 /home/rajko/Desktop/back/vendor/laravel/framework/src/Illuminate/Routing/Route.php(176): Illuminate\\Routing\\Route->runController()
#6 /home/rajko/Desktop/back/vendor/laravel/framework/src/Illuminate/Routing/Router.php(680): Illuminate\\Routing\\Route->run()
#7 /home/rajko/Desktop/back/vendor/laravel/framework/src/Illuminate/Pipeline/Pipeline.php(130): Illuminate\\Routing\\Router->Illuminate\\Routing\\{closure}()
#8 /home/rajko/Desktop/back/vendor/tymon/jwt-auth/src/Http/Middleware/Authenticate.php(32): Illuminate\\Pipeline\\Pipeline->Illuminate\\Pipeline\\{closure}()
#9 /home/rajko/Desktop/back/vendor/laravel/framework/src/Illuminate/Pipeline/Pipeline.php(171): Tymon\\JWTAuth\\Http\\Middleware\\Authenticate->handle()
#10 /home/rajko/Desktop/back/vendor/laravel/framework/src/Illuminate/Routing/Middleware/SubstituteBindings.php(41): Illuminate\\Pipeline\\Pipeline->Illuminate\\Pipeline\\{closure}()
#11 /home/rajko/Desktop/back/vendor/laravel/framework/src/Illuminate/Pipeline/Pipeline.php(171): Illuminate\\Routing\\Middleware\\SubstituteBindings->handle()
#12 /home/rajko/Desktop/back/vendor/laravel/framework/src/Illuminate/Routing/Middleware/ThrottleRequests.php(59): Illuminate\\Pipeline\\Pipeline->Illuminate\\Pipeline\\{closure}()
#13 /home/rajko/Desktop/back/vendor/laravel/framework/src/Illuminate/Pipeline/Pipeline.php(171): Illuminate\\Routing\\Middleware\\ThrottleRequests->handle()
#14 /home/rajko/Desktop/back/vendor/laravel/framework/src/Illuminate/Pipeline/Pipeline.php(105): Illuminate\\Pipeline\\Pipeline->Illuminate\\Pipeline\\{closure}()
#15 /home/rajko/Desktop/back/vendor/laravel/framework/src/Illuminate/Routing/Router.php(682): Illuminate\\Pipeline\\Pipeline->then()
#16 /home/rajko/Desktop/back/vendor/laravel/framework/src/Illuminate/Routing/Router.php(657): Illuminate\\Routing\\Router->runRouteWithinStack()
#17 /home/rajko/Desktop/back/vendor/laravel/framework/src/Illuminate/Routing/Router.php(623): Illuminate\\Routing\\Router->runRoute()
#18 /home/rajko/Desktop/back/vendor/laravel/framework/src/Illuminate/Routing/Router.php(612): Illuminate\\Routing\\Router->dispatchToRoute()
#19 /home/rajko/Desktop/back/vendor/laravel/framework/src/Illuminate/Foundation/Http/Kernel.php(176): Illuminate\\Routing\\Router->dispatch()
#20 /home/rajko/Desktop/back/vendor/laravel/framework/src/Illuminate/Pipeline/Pipeline.php(130): Illuminate\\Foundation\\Http\\Kernel->Illuminate\\Foundation\\Http\\{closure}()
#21 /home/rajko/Desktop/back/vendor/laravel/framework/src/Illuminate/Foundation/Http/Middleware/TransformsRequest.php(21): Illuminate\\Pipeline\\Pipeline->Illuminate\\Pipeline\\{closure}()
#22 /home/rajko/Desktop/back/vendor/laravel/framework/src/Illuminate/Pipeline/Pipeline.php(171): Illuminate\\Foundation\\Http\\Middleware\\TransformsRequest->handle()
#23 /home/rajko/Desktop/back/vendor/laravel/framework/src/Illuminate/Foundation/Http/Middleware/TransformsRequest.php(21): Illuminate\\Pipeline\\Pipeline->Illuminate\\Pipeline\\{closure}()
#24 /home/rajko/Desktop/back/vendor/laravel/framework/src/Illuminate/Pipeline/Pipeline.php(171): Illuminate\\Foundation\\Http\\Middleware\\TransformsRequest->handle()
#25 /home/rajko/Desktop/back/vendor/laravel/framework/src/Illuminate/Foundation/Http/Middleware/ValidatePostSize.php(27): Illuminate\\Pipeline\\Pipeline->Illuminate\\Pipeline\\{closure}()
#26 /home/rajko/Desktop/back/vendor/laravel/framework/src/Illuminate/Pipeline/Pipeline.php(171): Illuminate\\Foundation\\Http\\Middleware\\ValidatePostSize->handle()
#27 /home/rajko/Desktop/back/vendor/laravel/framework/src/Illuminate/Foundation/Http/Middleware/CheckForMaintenanceMode.php(62): Illuminate\\Pipeline\\Pipeline->Illuminate\\Pipeline\\{closure}()
#28 /home/rajko/Desktop/back/vendor/laravel/framework/src/Illuminate/Pipeline/Pipeline.php(171): Illuminate\\Foundation\\Http\\Middleware\\CheckForMaintenanceMode->handle()
#29 /home/rajko/Desktop/back/vendor/fideloper/proxy/src/TrustProxies.php(57): Illuminate\\Pipeline\\Pipeline->Illuminate\\Pipeline\\{closure}()
#30 /home/rajko/Desktop/back/vendor/laravel/framework/src/Illuminate/Pipeline/Pipeline.php(171): Fideloper\\Proxy\\TrustProxies->handle()
#31 /home/rajko/Desktop/back/vendor/laravel/framework/src/Illuminate/Pipeline/Pipeline.php(105): Illuminate\\Pipeline\\Pipeline->Illuminate\\Pipeline\\{closure}()
#32 /home/rajko/Desktop/back/vendor/laravel/framework/src/Illuminate/Foundation/Http/Kernel.php(151): Illuminate\\Pipeline\\Pipeline->then()
#33 /home/rajko/Desktop/back/vendor/laravel/framework/src/Illuminate/Foundation/Http/Kernel.php(116): Illuminate\\Foundation\\Http\\Kernel->sendRequestThroughRouter()
#34 /home/rajko/Desktop/back/public/index.php(55): Illuminate\\Foundation\\Http\\Kernel->handle()
#35 /home/rajko/Desktop/back/server.php(21): require_once('/home/rajko/Des...')
#36 {main}
"} 
[2020-02-05 02:17:21] local.ERROR: Class 'App\Services\PDOException' not found {"userId":4,"exception":"[object] (Symfony\\Component\\Debug\\Exception\\FatalThrowableError(code: 0): Class 'App\\Services\\PDOException' not found at /home/rajko/Desktop/back/app/Services/UserService.php:93)
[stacktrace]
#0 /home/rajko/Desktop/back/app/Http/Controllers/UserController.php(210): App\\Services\\UserService->likeComment()
#1 [internal function]: App\\Http\\Controllers\\UserController->likeComment()
#2 /home/rajko/Desktop/back/vendor/laravel/framework/src/Illuminate/Routing/Controller.php(54): call_user_func_array()
#3 /home/rajko/Desktop/back/vendor/laravel/framework/src/Illuminate/Routing/ControllerDispatcher.php(45): Illuminate\\Routing\\Controller->callAction()
#4 /home/rajko/Desktop/back/vendor/laravel/framework/src/Illuminate/Routing/Route.php(219): Illuminate\\Routing\\ControllerDispatcher->dispatch()
#5 /home/rajko/Desktop/back/vendor/laravel/framework/src/Illuminate/Routing/Route.php(176): Illuminate\\Routing\\Route->runController()
#6 /home/rajko/Desktop/back/vendor/laravel/framework/src/Illuminate/Routing/Router.php(680): Illuminate\\Routing\\Route->run()
#7 /home/rajko/Desktop/back/vendor/laravel/framework/src/Illuminate/Pipeline/Pipeline.php(130): Illuminate\\Routing\\Router->Illuminate\\Routing\\{closure}()
#8 /home/rajko/Desktop/back/vendor/tymon/jwt-auth/src/Http/Middleware/Authenticate.php(32): Illuminate\\Pipeline\\Pipeline->Illuminate\\Pipeline\\{closure}()
#9 /home/rajko/Desktop/back/vendor/laravel/framework/src/Illuminate/Pipeline/Pipeline.php(171): Tymon\\JWTAuth\\Http\\Middleware\\Authenticate->handle()
#10 /home/rajko/Desktop/back/vendor/laravel/framework/src/Illuminate/Routing/Middleware/SubstituteBindings.php(41): Illuminate\\Pipeline\\Pipeline->Illuminate\\Pipeline\\{closure}()
#11 /home/rajko/Desktop/back/vendor/laravel/framework/src/Illuminate/Pipeline/Pipeline.php(171): Illuminate\\Routing\\Middleware\\SubstituteBindings->handle()
#12 /home/rajko/Desktop/back/vendor/laravel/framework/src/Illuminate/Routing/Middleware/ThrottleRequests.php(59): Illuminate\\Pipeline\\Pipeline->Illuminate\\Pipeline\\{closure}()
#13 /home/rajko/Desktop/back/vendor/laravel/framework/src/Illuminate/Pipeline/Pipeline.php(171): Illuminate\\Routing\\Middleware\\ThrottleRequests->handle()
#14 /home/rajko/Desktop/back/vendor/laravel/framework/src/Illuminate/Pipeline/Pipeline.php(105): Illuminate\\Pipeline\\Pipeline->Illuminate\\Pipeline\\{closure}()
#15 /home/rajko/Desktop/back/vendor/laravel/framework/src/Illuminate/Routing/Router.php(682): Illuminate\\Pipeline\\Pipeline->then()
#16 /home/rajko/Desktop/back/vendor/laravel/framework/src/Illuminate/Routing/Router.php(657): Illuminate\\Routing\\Router->runRouteWithinStack()
#17 /home/rajko/Desktop/back/vendor/laravel/framework/src/Illuminate/Routing/Router.php(623): Illuminate\\Routing\\Router->runRoute()
#18 /home/rajko/Desktop/back/vendor/laravel/framework/src/Illuminate/Routing/Router.php(612): Illuminate\\Routing\\Router->dispatchToRoute()
#19 /home/rajko/Desktop/back/vendor/laravel/framework/src/Illuminate/Foundation/Http/Kernel.php(176): Illuminate\\Routing\\Router->dispatch()
#20 /home/rajko/Desktop/back/vendor/laravel/framework/src/Illuminate/Pipeline/Pipeline.php(130): Illuminate\\Foundation\\Http\\Kernel->Illuminate\\Foundation\\Http\\{closure}()
#21 /home/rajko/Desktop/back/vendor/laravel/framework/src/Illuminate/Foundation/Http/Middleware/TransformsRequest.php(21): Illuminate\\Pipeline\\Pipeline->Illuminate\\Pipeline\\{closure}()
#22 /home/rajko/Desktop/back/vendor/laravel/framework/src/Illuminate/Pipeline/Pipeline.php(171): Illuminate\\Foundation\\Http\\Middleware\\TransformsRequest->handle()
#23 /home/rajko/Desktop/back/vendor/laravel/framework/src/Illuminate/Foundation/Http/Middleware/TransformsRequest.php(21): Illuminate\\Pipeline\\Pipeline->Illuminate\\Pipeline\\{closure}()
#24 /home/rajko/Desktop/back/vendor/laravel/framework/src/Illuminate/Pipeline/Pipeline.php(171): Illuminate\\Foundation\\Http\\Middleware\\TransformsRequest->handle()
#25 /home/rajko/Desktop/back/vendor/laravel/framework/src/Illuminate/Foundation/Http/Middleware/ValidatePostSize.php(27): Illuminate\\Pipeline\\Pipeline->Illuminate\\Pipeline\\{closure}()
#26 /home/rajko/Desktop/back/vendor/laravel/framework/src/Illuminate/Pipeline/Pipeline.php(171): Illuminate\\Foundation\\Http\\Middleware\\ValidatePostSize->handle()
#27 /home/rajko/Desktop/back/vendor/laravel/framework/src/Illuminate/Foundation/Http/Middleware/CheckForMaintenanceMode.php(62): Illuminate\\Pipeline\\Pipeline->Illuminate\\Pipeline\\{closure}()
#28 /home/rajko/Desktop/back/vendor/laravel/framework/src/Illuminate/Pipeline/Pipeline.php(171): Illuminate\\Foundation\\Http\\Middleware\\CheckForMaintenanceMode->handle()
#29 /home/rajko/Desktop/back/vendor/fideloper/proxy/src/TrustProxies.php(57): Illuminate\\Pipeline\\Pipeline->Illuminate\\Pipeline\\{closure}()
#30 /home/rajko/Desktop/back/vendor/laravel/framework/src/Illuminate/Pipeline/Pipeline.php(171): Fideloper\\Proxy\\TrustProxies->handle()
#31 /home/rajko/Desktop/back/vendor/laravel/framework/src/Illuminate/Pipeline/Pipeline.php(105): Illuminate\\Pipeline\\Pipeline->Illuminate\\Pipeline\\{closure}()
#32 /home/rajko/Desktop/back/vendor/laravel/framework/src/Illuminate/Foundation/Http/Kernel.php(151): Illuminate\\Pipeline\\Pipeline->then()
#33 /home/rajko/Desktop/back/vendor/laravel/framework/src/Illuminate/Foundation/Http/Kernel.php(116): Illuminate\\Foundation\\Http\\Kernel->sendRequestThroughRouter()
#34 /home/rajko/Desktop/back/public/index.php(55): Illuminate\\Foundation\\Http\\Kernel->handle()
#35 /home/rajko/Desktop/back/server.php(21): require_once('/home/rajko/Des...')
#36 {main}
"} 
[2020-02-05 02:48:01] local.ERROR: Argument 3 passed to App\Services\UserService::destroyComment() must be of the type int, null given, called in /home/rajko/Desktop/back/app/Http/Controllers/UserController.php on line 266 {"userId":4,"exception":"[object] (Symfony\\Component\\Debug\\Exception\\FatalThrowableError(code: 0): Argument 3 passed to App\\Services\\UserService::destroyComment() must be of the type int, null given, called in /home/rajko/Desktop/back/app/Http/Controllers/UserController.php on line 266 at /home/rajko/Desktop/back/app/Services/UserService.php:116)
[stacktrace]
#0 /home/rajko/Desktop/back/app/Http/Controllers/UserController.php(266): App\\Services\\UserService->destroyComment()
#1 [internal function]: App\\Http\\Controllers\\UserController->commentDestroy()
#2 /home/rajko/Desktop/back/vendor/laravel/framework/src/Illuminate/Routing/Controller.php(54): call_user_func_array()
#3 /home/rajko/Desktop/back/vendor/laravel/framework/src/Illuminate/Routing/ControllerDispatcher.php(45): Illuminate\\Routing\\Controller->callAction()
#4 /home/rajko/Desktop/back/vendor/laravel/framework/src/Illuminate/Routing/Route.php(219): Illuminate\\Routing\\ControllerDispatcher->dispatch()
#5 /home/rajko/Desktop/back/vendor/laravel/framework/src/Illuminate/Routing/Route.php(176): Illuminate\\Routing\\Route->runController()
#6 /home/rajko/Desktop/back/vendor/laravel/framework/src/Illuminate/Routing/Router.php(680): Illuminate\\Routing\\Route->run()
#7 /home/rajko/Desktop/back/vendor/laravel/framework/src/Illuminate/Pipeline/Pipeline.php(130): Illuminate\\Routing\\Router->Illuminate\\Routing\\{closure}()
#8 /home/rajko/Desktop/back/vendor/tymon/jwt-auth/src/Http/Middleware/Authenticate.php(32): Illuminate\\Pipeline\\Pipeline->Illuminate\\Pipeline\\{closure}()
#9 /home/rajko/Desktop/back/vendor/laravel/framework/src/Illuminate/Pipeline/Pipeline.php(171): Tymon\\JWTAuth\\Http\\Middleware\\Authenticate->handle()
#10 /home/rajko/Desktop/back/vendor/laravel/framework/src/Illuminate/Routing/Middleware/SubstituteBindings.php(41): Illuminate\\Pipeline\\Pipeline->Illuminate\\Pipeline\\{closure}()
#11 /home/rajko/Desktop/back/vendor/laravel/framework/src/Illuminate/Pipeline/Pipeline.php(171): Illuminate\\Routing\\Middleware\\SubstituteBindings->handle()
#12 /home/rajko/Desktop/back/vendor/laravel/framework/src/Illuminate/Routing/Middleware/ThrottleRequests.php(59): Illuminate\\Pipeline\\Pipeline->Illuminate\\Pipeline\\{closure}()
#13 /home/rajko/Desktop/back/vendor/laravel/framework/src/Illuminate/Pipeline/Pipeline.php(171): Illuminate\\Routing\\Middleware\\ThrottleRequests->handle()
#14 /home/rajko/Desktop/back/vendor/laravel/framework/src/Illuminate/Pipeline/Pipeline.php(105): Illuminate\\Pipeline\\Pipeline->Illuminate\\Pipeline\\{closure}()
#15 /home/rajko/Desktop/back/vendor/laravel/framework/src/Illuminate/Routing/Router.php(682): Illuminate\\Pipeline\\Pipeline->then()
#16 /home/rajko/Desktop/back/vendor/laravel/framework/src/Illuminate/Routing/Router.php(657): Illuminate\\Routing\\Router->runRouteWithinStack()
#17 /home/rajko/Desktop/back/vendor/laravel/framework/src/Illuminate/Routing/Router.php(623): Illuminate\\Routing\\Router->runRoute()
#18 /home/rajko/Desktop/back/vendor/laravel/framework/src/Illuminate/Routing/Router.php(612): Illuminate\\Routing\\Router->dispatchToRoute()
#19 /home/rajko/Desktop/back/vendor/laravel/framework/src/Illuminate/Foundation/Http/Kernel.php(176): Illuminate\\Routing\\Router->dispatch()
#20 /home/rajko/Desktop/back/vendor/laravel/framework/src/Illuminate/Pipeline/Pipeline.php(130): Illuminate\\Foundation\\Http\\Kernel->Illuminate\\Foundation\\Http\\{closure}()
#21 /home/rajko/Desktop/back/vendor/laravel/framework/src/Illuminate/Foundation/Http/Middleware/TransformsRequest.php(21): Illuminate\\Pipeline\\Pipeline->Illuminate\\Pipeline\\{closure}()
#22 /home/rajko/Desktop/back/vendor/laravel/framework/src/Illuminate/Pipeline/Pipeline.php(171): Illuminate\\Foundation\\Http\\Middleware\\TransformsRequest->handle()
#23 /home/rajko/Desktop/back/vendor/laravel/framework/src/Illuminate/Foundation/Http/Middleware/TransformsRequest.php(21): Illuminate\\Pipeline\\Pipeline->Illuminate\\Pipeline\\{closure}()
#24 /home/rajko/Desktop/back/vendor/laravel/framework/src/Illuminate/Pipeline/Pipeline.php(171): Illuminate\\Foundation\\Http\\Middleware\\TransformsRequest->handle()
#25 /home/rajko/Desktop/back/vendor/laravel/framework/src/Illuminate/Foundation/Http/Middleware/ValidatePostSize.php(27): Illuminate\\Pipeline\\Pipeline->Illuminate\\Pipeline\\{closure}()
#26 /home/rajko/Desktop/back/vendor/laravel/framework/src/Illuminate/Pipeline/Pipeline.php(171): Illuminate\\Foundation\\Http\\Middleware\\ValidatePostSize->handle()
#27 /home/rajko/Desktop/back/vendor/laravel/framework/src/Illuminate/Foundation/Http/Middleware/CheckForMaintenanceMode.php(62): Illuminate\\Pipeline\\Pipeline->Illuminate\\Pipeline\\{closure}()
#28 /home/rajko/Desktop/back/vendor/laravel/framework/src/Illuminate/Pipeline/Pipeline.php(171): Illuminate\\Foundation\\Http\\Middleware\\CheckForMaintenanceMode->handle()
#29 /home/rajko/Desktop/back/vendor/fideloper/proxy/src/TrustProxies.php(57): Illuminate\\Pipeline\\Pipeline->Illuminate\\Pipeline\\{closure}()
#30 /home/rajko/Desktop/back/vendor/laravel/framework/src/Illuminate/Pipeline/Pipeline.php(171): Fideloper\\Proxy\\TrustProxies->handle()
#31 /home/rajko/Desktop/back/vendor/laravel/framework/src/Illuminate/Pipeline/Pipeline.php(105): Illuminate\\Pipeline\\Pipeline->Illuminate\\Pipeline\\{closure}()
#32 /home/rajko/Desktop/back/vendor/laravel/framework/src/Illuminate/Foundation/Http/Kernel.php(151): Illuminate\\Pipeline\\Pipeline->then()
#33 /home/rajko/Desktop/back/vendor/laravel/framework/src/Illuminate/Foundation/Http/Kernel.php(116): Illuminate\\Foundation\\Http\\Kernel->sendRequestThroughRouter()
#34 /home/rajko/Desktop/back/public/index.php(55): Illuminate\\Foundation\\Http\\Kernel->handle()
#35 /home/rajko/Desktop/back/server.php(21): require_once('/home/rajko/Des...')
#36 {main}
"} 
[2020-02-05 02:51:30] local.ERROR: Undefined index: comment_id {"userId":4,"exception":"[object] (ErrorException(code: 0): Undefined index: comment_id at /home/rajko/Desktop/back/app/Http/Controllers/UserController.php:280)
[stacktrace]
#0 /home/rajko/Desktop/back/app/Http/Controllers/UserController.php(280): Illuminate\\Foundation\\Bootstrap\\HandleExceptions->handleError()
#1 [internal function]: App\\Http\\Controllers\\UserController->commentUpdate()
#2 /home/rajko/Desktop/back/vendor/laravel/framework/src/Illuminate/Routing/Controller.php(54): call_user_func_array()
#3 /home/rajko/Desktop/back/vendor/laravel/framework/src/Illuminate/Routing/ControllerDispatcher.php(45): Illuminate\\Routing\\Controller->callAction()
#4 /home/rajko/Desktop/back/vendor/laravel/framework/src/Illuminate/Routing/Route.php(219): Illuminate\\Routing\\ControllerDispatcher->dispatch()
#5 /home/rajko/Desktop/back/vendor/laravel/framework/src/Illuminate/Routing/Route.php(176): Illuminate\\Routing\\Route->runController()
#6 /home/rajko/Desktop/back/vendor/laravel/framework/src/Illuminate/Routing/Router.php(680): Illuminate\\Routing\\Route->run()
#7 /home/rajko/Desktop/back/vendor/laravel/framework/src/Illuminate/Pipeline/Pipeline.php(130): Illuminate\\Routing\\Router->Illuminate\\Routing\\{closure}()
#8 /home/rajko/Desktop/back/vendor/tymon/jwt-auth/src/Http/Middleware/Authenticate.php(32): Illuminate\\Pipeline\\Pipeline->Illuminate\\Pipeline\\{closure}()
#9 /home/rajko/Desktop/back/vendor/laravel/framework/src/Illuminate/Pipeline/Pipeline.php(171): Tymon\\JWTAuth\\Http\\Middleware\\Authenticate->handle()
#10 /home/rajko/Desktop/back/vendor/laravel/framework/src/Illuminate/Routing/Middleware/SubstituteBindings.php(41): Illuminate\\Pipeline\\Pipeline->Illuminate\\Pipeline\\{closure}()
#11 /home/rajko/Desktop/back/vendor/laravel/framework/src/Illuminate/Pipeline/Pipeline.php(171): Illuminate\\Routing\\Middleware\\SubstituteBindings->handle()
#12 /home/rajko/Desktop/back/vendor/laravel/framework/src/Illuminate/Routing/Middleware/ThrottleRequests.php(59): Illuminate\\Pipeline\\Pipeline->Illuminate\\Pipeline\\{closure}()
#13 /home/rajko/Desktop/back/vendor/laravel/framework/src/Illuminate/Pipeline/Pipeline.php(171): Illuminate\\Routing\\Middleware\\ThrottleRequests->handle()
#14 /home/rajko/Desktop/back/vendor/laravel/framework/src/Illuminate/Pipeline/Pipeline.php(105): Illuminate\\Pipeline\\Pipeline->Illuminate\\Pipeline\\{closure}()
#15 /home/rajko/Desktop/back/vendor/laravel/framework/src/Illuminate/Routing/Router.php(682): Illuminate\\Pipeline\\Pipeline->then()
#16 /home/rajko/Desktop/back/vendor/laravel/framework/src/Illuminate/Routing/Router.php(657): Illuminate\\Routing\\Router->runRouteWithinStack()
#17 /home/rajko/Desktop/back/vendor/laravel/framework/src/Illuminate/Routing/Router.php(623): Illuminate\\Routing\\Router->runRoute()
#18 /home/rajko/Desktop/back/vendor/laravel/framework/src/Illuminate/Routing/Router.php(612): Illuminate\\Routing\\Router->dispatchToRoute()
#19 /home/rajko/Desktop/back/vendor/laravel/framework/src/Illuminate/Foundation/Http/Kernel.php(176): Illuminate\\Routing\\Router->dispatch()
#20 /home/rajko/Desktop/back/vendor/laravel/framework/src/Illuminate/Pipeline/Pipeline.php(130): Illuminate\\Foundation\\Http\\Kernel->Illuminate\\Foundation\\Http\\{closure}()
#21 /home/rajko/Desktop/back/vendor/laravel/framework/src/Illuminate/Foundation/Http/Middleware/TransformsRequest.php(21): Illuminate\\Pipeline\\Pipeline->Illuminate\\Pipeline\\{closure}()
#22 /home/rajko/Desktop/back/vendor/laravel/framework/src/Illuminate/Pipeline/Pipeline.php(171): Illuminate\\Foundation\\Http\\Middleware\\TransformsRequest->handle()
#23 /home/rajko/Desktop/back/vendor/laravel/framework/src/Illuminate/Foundation/Http/Middleware/TransformsRequest.php(21): Illuminate\\Pipeline\\Pipeline->Illuminate\\Pipeline\\{closure}()
#24 /home/rajko/Desktop/back/vendor/laravel/framework/src/Illuminate/Pipeline/Pipeline.php(171): Illuminate\\Foundation\\Http\\Middleware\\TransformsRequest->handle()
#25 /home/rajko/Desktop/back/vendor/laravel/framework/src/Illuminate/Foundation/Http/Middleware/ValidatePostSize.php(27): Illuminate\\Pipeline\\Pipeline->Illuminate\\Pipeline\\{closure}()
#26 /home/rajko/Desktop/back/vendor/laravel/framework/src/Illuminate/Pipeline/Pipeline.php(171): Illuminate\\Foundation\\Http\\Middleware\\ValidatePostSize->handle()
#27 /home/rajko/Desktop/back/vendor/laravel/framework/src/Illuminate/Foundation/Http/Middleware/CheckForMaintenanceMode.php(62): Illuminate\\Pipeline\\Pipeline->Illuminate\\Pipeline\\{closure}()
#28 /home/rajko/Desktop/back/vendor/laravel/framework/src/Illuminate/Pipeline/Pipeline.php(171): Illuminate\\Foundation\\Http\\Middleware\\CheckForMaintenanceMode->handle()
#29 /home/rajko/Desktop/back/vendor/fideloper/proxy/src/TrustProxies.php(57): Illuminate\\Pipeline\\Pipeline->Illuminate\\Pipeline\\{closure}()
#30 /home/rajko/Desktop/back/vendor/laravel/framework/src/Illuminate/Pipeline/Pipeline.php(171): Fideloper\\Proxy\\TrustProxies->handle()
#31 /home/rajko/Desktop/back/vendor/laravel/framework/src/Illuminate/Pipeline/Pipeline.php(105): Illuminate\\Pipeline\\Pipeline->Illuminate\\Pipeline\\{closure}()
#32 /home/rajko/Desktop/back/vendor/laravel/framework/src/Illuminate/Foundation/Http/Kernel.php(151): Illuminate\\Pipeline\\Pipeline->then()
#33 /home/rajko/Desktop/back/vendor/laravel/framework/src/Illuminate/Foundation/Http/Kernel.php(116): Illuminate\\Foundation\\Http\\Kernel->sendRequestThroughRouter()
#34 /home/rajko/Desktop/back/public/index.php(55): Illuminate\\Foundation\\Http\\Kernel->handle()
#35 /home/rajko/Desktop/back/server.php(21): require_once('/home/rajko/Des...')
#36 {main}
"} 
